This is pdfTeX, Version 3.141592653-2.6-1.40.25 (TeX Live 2023) (preloaded format=pdflatex 2023.9.27)  3 JAN 2024 21:45
entering extended mode
 restricted \write18 enabled.
 file:line:error style messages enabled.
 %&-line parsing enabled.
**/Users/fabio/Documents/04-Archivos/INEDIT/INEDIT-WP6/Livrable.tex
(/Users/fabio/Documents/04-Archivos/INEDIT/INEDIT-WP6/Livrable.tex
LaTeX2e <2022-11-01> patch level 1
L3 programming layer <2023-02-22> (/usr/local/texlive/2023/texmf-dist/tex/latex/base/article.cls
Document Class: article 2022/07/02 v1.4n Standard LaTeX document class
(/usr/local/texlive/2023/texmf-dist/tex/latex/base/size11.clo
File: size11.clo 2022/07/02 v1.4n Standard LaTeX file (size option)
)
\c@part=\count185
\c@section=\count186
\c@subsection=\count187
\c@subsubsection=\count188
\c@paragraph=\count189
\c@subparagraph=\count190
\c@figure=\count191
\c@table=\count192
\abovecaptionskip=\skip48
\belowcaptionskip=\skip49
\bibindent=\dimen140
) (/usr/local/texlive/2023/texmf-dist/tex/latex/amsmath/amsmath.sty
Package: amsmath 2022/04/08 v2.17n AMS math features
\@mathmargin=\skip50

For additional information on amsmath, use the `?' option.
(/usr/local/texlive/2023/texmf-dist/tex/latex/amsmath/amstext.sty
Package: amstext 2021/08/26 v2.01 AMS text
 (/usr/local/texlive/2023/texmf-dist/tex/latex/amsmath/amsgen.sty
File: amsgen.sty 1999/11/30 v2.0 generic functions
\@emptytoks=\toks16
\ex@=\dimen141
)) (/usr/local/texlive/2023/texmf-dist/tex/latex/amsmath/amsbsy.sty
Package: amsbsy 1999/11/29 v1.2d Bold Symbols
\pmbraise@=\dimen142
) (/usr/local/texlive/2023/texmf-dist/tex/latex/amsmath/amsopn.sty
Package: amsopn 2022/04/08 v2.04 operator names
)
\inf@bad=\count193
LaTeX Info: Redefining \frac on input line 234.
\uproot@=\count194
\leftroot@=\count195
LaTeX Info: Redefining \overline on input line 399.
LaTeX Info: Redefining \colon on input line 410.
\classnum@=\count196
\DOTSCASE@=\count197
LaTeX Info: Redefining \ldots on input line 496.
LaTeX Info: Redefining \dots on input line 499.
LaTeX Info: Redefining \cdots on input line 620.
\Mathstrutbox@=\box51
\strutbox@=\box52
LaTeX Info: Redefining \big on input line 722.
LaTeX Info: Redefining \Big on input line 723.
LaTeX Info: Redefining \bigg on input line 724.
LaTeX Info: Redefining \Bigg on input line 725.
\big@size=\dimen143
LaTeX Font Info:    Redeclaring font encoding OML on input line 743.
LaTeX Font Info:    Redeclaring font encoding OMS on input line 744.
\macc@depth=\count198
LaTeX Info: Redefining \bmod on input line 905.
LaTeX Info: Redefining \pmod on input line 910.
LaTeX Info: Redefining \smash on input line 940.
LaTeX Info: Redefining \relbar on input line 970.
LaTeX Info: Redefining \Relbar on input line 971.
\c@MaxMatrixCols=\count199
\dotsspace@=\muskip16
\c@parentequation=\count266
\dspbrk@lvl=\count267
\tag@help=\toks17
\row@=\count268
\column@=\count269
\maxfields@=\count270
\andhelp@=\toks18
\eqnshift@=\dimen144
\alignsep@=\dimen145
\tagshift@=\dimen146
\tagwidth@=\dimen147
\totwidth@=\dimen148
\lineht@=\dimen149
\@envbody=\toks19
\multlinegap=\skip51
\multlinetaggap=\skip52
\mathdisplay@stack=\toks20
LaTeX Info: Redefining \[ on input line 2953.
LaTeX Info: Redefining \] on input line 2954.
) (/usr/local/texlive/2023/texmf-dist/tex/latex/amsfonts/amssymb.sty
Package: amssymb 2013/01/14 v3.01 AMS font symbols
 (/usr/local/texlive/2023/texmf-dist/tex/latex/amsfonts/amsfonts.sty
Package: amsfonts 2013/01/14 v3.01 Basic AMSFonts support
\symAMSa=\mathgroup4
\symAMSb=\mathgroup5
LaTeX Font Info:    Redeclaring math symbol \hbar on input line 98.
LaTeX Font Info:    Overwriting math alphabet `\mathfrak' in version `bold'
(Font)                  U/euf/m/n --> U/euf/b/n on input line 106.
)) (/usr/local/texlive/2023/texmf-dist/tex/generic/iftex/iftex.sty
Package: iftex 2022/02/03 v1.0f TeX engine tests
) (/usr/local/texlive/2023/texmf-dist/tex/latex/base/fontenc.sty
Package: fontenc 2021/04/29 v2.0v Standard LaTeX package
) (/usr/local/texlive/2023/texmf-dist/tex/latex/base/inputenc.sty
Package: inputenc 2021/02/14 v1.3d Input encoding file
\inpenc@prehook=\toks21
\inpenc@posthook=\toks22
) (/usr/local/texlive/2023/texmf-dist/tex/latex/base/textcomp.sty
Package: textcomp 2020/02/02 v2.0n Standard LaTeX package
) (/usr/local/texlive/2023/texmf-dist/tex/latex/lm/lmodern.sty
Package: lmodern 2015/05/01 v1.6.1 Latin Modern Fonts
LaTeX Font Info:    Overwriting symbol font `operators' in version `normal'
(Font)                  OT1/cmr/m/n --> OT1/lmr/m/n on input line 22.
LaTeX Font Info:    Overwriting symbol font `letters' in version `normal'
(Font)                  OML/cmm/m/it --> OML/lmm/m/it on input line 23.
LaTeX Font Info:    Overwriting symbol font `symbols' in version `normal'
(Font)                  OMS/cmsy/m/n --> OMS/lmsy/m/n on input line 24.
LaTeX Font Info:    Overwriting symbol font `largesymbols' in version `normal'
(Font)                  OMX/cmex/m/n --> OMX/lmex/m/n on input line 25.
LaTeX Font Info:    Overwriting symbol font `operators' in version `bold'
(Font)                  OT1/cmr/bx/n --> OT1/lmr/bx/n on input line 26.
LaTeX Font Info:    Overwriting symbol font `letters' in version `bold'
(Font)                  OML/cmm/b/it --> OML/lmm/b/it on input line 27.
LaTeX Font Info:    Overwriting symbol font `symbols' in version `bold'
(Font)                  OMS/cmsy/b/n --> OMS/lmsy/b/n on input line 28.
LaTeX Font Info:    Overwriting symbol font `largesymbols' in version `bold'
(Font)                  OMX/cmex/m/n --> OMX/lmex/m/n on input line 29.
LaTeX Font Info:    Overwriting math alphabet `\mathbf' in version `normal'
(Font)                  OT1/cmr/bx/n --> OT1/lmr/bx/n on input line 31.
LaTeX Font Info:    Overwriting math alphabet `\mathsf' in version `normal'
(Font)                  OT1/cmss/m/n --> OT1/lmss/m/n on input line 32.
LaTeX Font Info:    Overwriting math alphabet `\mathit' in version `normal'
(Font)                  OT1/cmr/m/it --> OT1/lmr/m/it on input line 33.
LaTeX Font Info:    Overwriting math alphabet `\mathtt' in version `normal'
(Font)                  OT1/cmtt/m/n --> OT1/lmtt/m/n on input line 34.
LaTeX Font Info:    Overwriting math alphabet `\mathbf' in version `bold'
(Font)                  OT1/cmr/bx/n --> OT1/lmr/bx/n on input line 35.
LaTeX Font Info:    Overwriting math alphabet `\mathsf' in version `bold'
(Font)                  OT1/cmss/bx/n --> OT1/lmss/bx/n on input line 36.
LaTeX Font Info:    Overwriting math alphabet `\mathit' in version `bold'
(Font)                  OT1/cmr/bx/it --> OT1/lmr/bx/it on input line 37.
LaTeX Font Info:    Overwriting math alphabet `\mathtt' in version `bold'
(Font)                  OT1/cmtt/m/n --> OT1/lmtt/m/n on input line 38.
) (/usr/local/texlive/2023/texmf-dist/tex/latex/upquote/upquote.sty
Package: upquote 2012/04/19 v1.3 upright-quote and grave-accent glyphs in verbatim
) (/usr/local/texlive/2023/texmf-dist/tex/latex/microtype/microtype.sty
Package: microtype 2023/03/13 v3.1a Micro-typographical refinements (RS)
 (/usr/local/texlive/2023/texmf-dist/tex/latex/graphics/keyval.sty
Package: keyval 2022/05/29 v1.15 key=value parser (DPC)
\KV@toks@=\toks23
) (/usr/local/texlive/2023/texmf-dist/tex/latex/etoolbox/etoolbox.sty
Package: etoolbox 2020/10/05 v2.5k e-TeX tools for LaTeX (JAW)
\etb@tempcnta=\count271
)
\MT@toks=\toks24
\MT@tempbox=\box53
\MT@count=\count272
LaTeX Info: Redefining \noprotrusionifhmode on input line 1059.
LaTeX Info: Redefining \leftprotrusion on input line 1060.
\MT@prot@toks=\toks25
LaTeX Info: Redefining \rightprotrusion on input line 1078.
LaTeX Info: Redefining \textls on input line 1368.
\MT@outer@kern=\dimen150
LaTeX Info: Redefining \textmicrotypecontext on input line 1988.
\MT@listname@count=\count273
 (/usr/local/texlive/2023/texmf-dist/tex/latex/microtype/microtype-pdftex.def
File: microtype-pdftex.def 2023/03/13 v3.1a Definitions specific to pdftex (RS)
LaTeX Info: Redefining \lsstyle on input line 902.
LaTeX Info: Redefining \lslig on input line 902.
\MT@outer@space=\skip53
)
Package microtype Info: Loading configuration file microtype.cfg.
 (/usr/local/texlive/2023/texmf-dist/tex/latex/microtype/microtype.cfg
File: microtype.cfg 2023/03/13 v3.1a microtype main configuration file (RS)
)) (/usr/local/texlive/2023/texmf-dist/tex/latex/parskip/parskip.sty
Package: parskip 2021-03-14 v2.0h non-zero parskip adjustments
 (/usr/local/texlive/2023/texmf-dist/tex/latex/kvoptions/kvoptions.sty
Package: kvoptions 2022-06-15 v3.15 Key value format for package options (HO)
 (/usr/local/texlive/2023/texmf-dist/tex/generic/ltxcmds/ltxcmds.sty
Package: ltxcmds 2020-05-10 v1.25 LaTeX kernel commands for general use (HO)
) (/usr/local/texlive/2023/texmf-dist/tex/latex/kvsetkeys/kvsetkeys.sty
Package: kvsetkeys 2022-10-05 v1.19 Key value parser (HO)
))) (/usr/local/texlive/2023/texmf-dist/tex/latex/xcolor/xcolor.sty
Package: xcolor 2022/06/12 v2.14 LaTeX color extensions (UK)
 (/usr/local/texlive/2023/texmf-dist/tex/latex/graphics-cfg/color.cfg
File: color.cfg 2016/01/02 v1.6 sample color configuration
)
Package xcolor Info: Driver file: pdftex.def on input line 227.
 (/usr/local/texlive/2023/texmf-dist/tex/latex/graphics-def/pdftex.def
File: pdftex.def 2022/09/22 v1.2b Graphics/color driver for pdftex
) (/usr/local/texlive/2023/texmf-dist/tex/latex/graphics/mathcolor.ltx)
Package xcolor Info: Model `cmy' substituted by `cmy0' on input line 1353.
Package xcolor Info: Model `hsb' substituted by `rgb' on input line 1357.
Package xcolor Info: Model `RGB' extended on input line 1369.
Package xcolor Info: Model `HTML' substituted by `rgb' on input line 1371.
Package xcolor Info: Model `Hsb' substituted by `hsb' on input line 1372.
Package xcolor Info: Model `tHsb' substituted by `hsb' on input line 1373.
Package xcolor Info: Model `HSB' substituted by `hsb' on input line 1374.
Package xcolor Info: Model `Gray' substituted by `gray' on input line 1375.
Package xcolor Info: Model `wave' substituted by `hsb' on input line 1376.
 (/usr/local/texlive/2023/texmf-dist/tex/latex/graphics/dvipsnam.def
File: dvipsnam.def 2016/06/17 v3.0m Driver-dependent file (DPC,SPQR)
) (/usr/local/texlive/2023/texmf-dist/tex/latex/xcolor/svgnam.def
File: svgnam.def 2022/06/12 v2.14 Predefined colors according to SVG 1.1 (UK)
) (/usr/local/texlive/2023/texmf-dist/tex/latex/xcolor/x11nam.def
File: x11nam.def 2022/06/12 v2.14 Predefined colors according to Unix/X11 (UK)
)) (/usr/local/texlive/2023/texmf-dist/tex/latex/geometry/geometry.sty
Package: geometry 2020/01/02 v5.9 Page Geometry
 (/usr/local/texlive/2023/texmf-dist/tex/generic/iftex/ifvtex.sty
Package: ifvtex 2019/10/25 v1.7 ifvtex legacy package. Use iftex instead.
)
\Gm@cnth=\count274
\Gm@cntv=\count275
\c@Gm@tempcnt=\count276
\Gm@bindingoffset=\dimen151
\Gm@wd@mp=\dimen152
\Gm@odd@mp=\dimen153
\Gm@even@mp=\dimen154
\Gm@layoutwidth=\dimen155
\Gm@layoutheight=\dimen156
\Gm@layouthoffset=\dimen157
\Gm@layoutvoffset=\dimen158
\Gm@dimlist=\toks26
) (/usr/local/texlive/2023/texmf-dist/tex/latex/tools/longtable.sty
Package: longtable 2021-09-01 v4.17 Multi-page Table package (DPC)
\LTleft=\skip54
\LTright=\skip55
\LTpre=\skip56
\LTpost=\skip57
\LTchunksize=\count277
\LTcapwidth=\dimen159
\LT@head=\box54
\LT@firsthead=\box55
\LT@foot=\box56
\LT@lastfoot=\box57
\LT@gbox=\box58
\LT@cols=\count278
\LT@rows=\count279
\c@LT@tables=\count280
\c@LT@chunks=\count281
\LT@p@ftn=\toks27
) (/usr/local/texlive/2023/texmf-dist/tex/latex/booktabs/booktabs.sty
Package: booktabs 2020/01/12 v1.61803398 Publication quality tables
\heavyrulewidth=\dimen160
\lightrulewidth=\dimen161
\cmidrulewidth=\dimen162
\belowrulesep=\dimen163
\belowbottomsep=\dimen164
\aboverulesep=\dimen165
\abovetopsep=\dimen166
\cmidrulesep=\dimen167
\cmidrulekern=\dimen168
\defaultaddspace=\dimen169
\@cmidla=\count282
\@cmidlb=\count283
\@aboverulesep=\dimen170
\@belowrulesep=\dimen171
\@thisruleclass=\count284
\@lastruleclass=\count285
\@thisrulewidth=\dimen172
) (/usr/local/texlive/2023/texmf-dist/tex/latex/tools/array.sty
Package: array 2022/09/04 v2.5g Tabular extension package (FMi)
\col@sep=\dimen173
\ar@mcellbox=\box59
\extrarowheight=\dimen174
\NC@list=\toks28
\extratabsurround=\skip58
\backup@length=\skip59
\ar@cellbox=\box60
) (/usr/local/texlive/2023/texmf-dist/tex/latex/tools/calc.sty
Package: calc 2017/05/25 v4.3 Infix arithmetic (KKT,FJ)
\calc@Acount=\count286
\calc@Bcount=\count287
\calc@Adimen=\dimen175
\calc@Bdimen=\dimen176
\calc@Askip=\skip60
\calc@Bskip=\skip61
LaTeX Info: Redefining \setlength on input line 80.
LaTeX Info: Redefining \addtolength on input line 81.
\calc@Ccount=\count288
\calc@Cskip=\skip62
) (/usr/local/texlive/2023/texmf-dist/tex/latex/footnotehyper/footnotehyper.sty
Package: footnotehyper 2021/08/13 v1.1e hyperref aware footnote.sty (JFB)
\FNH@notes=\box61
\FNH@width=\dimen177
\FNH@toks=\toks29
) (/usr/local/texlive/2023/texmf-dist/tex/latex/graphics/graphicx.sty
Package: graphicx 2021/09/16 v1.2d Enhanced LaTeX Graphics (DPC,SPQR)
 (/usr/local/texlive/2023/texmf-dist/tex/latex/graphics/graphics.sty
Package: graphics 2022/03/10 v1.4e Standard LaTeX Graphics (DPC,SPQR)
 (/usr/local/texlive/2023/texmf-dist/tex/latex/graphics/trig.sty
Package: trig 2021/08/11 v1.11 sin cos tan (DPC)
) (/usr/local/texlive/2023/texmf-dist/tex/latex/graphics-cfg/graphics.cfg
File: graphics.cfg 2016/06/04 v1.11 sample graphics configuration
)
Package graphics Info: Driver file: pdftex.def on input line 107.
)
\Gin@req@height=\dimen178
\Gin@req@width=\dimen179
)
\cslhangindent=\skip63
\csllabelwidth=\skip64
\cslentryspacingunit=\skip65
 (/usr/local/texlive/2023/texmf-dist/tex/latex/titlesec/titlesec.sty
Package: titlesec 2021/07/05 v2.14 Sectioning titles
\ttl@box=\box62
\beforetitleunit=\skip66
\aftertitleunit=\skip67
\ttl@plus=\dimen180
\ttl@minus=\dimen181
\ttl@toksa=\toks30
\titlewidth=\dimen182
\titlewidthlast=\dimen183
\titlewidthfirst=\dimen184
) (/usr/local/texlive/2023/texmf-dist/tex/latex/caption/caption.sty
Package: caption 2023/03/12 v3.6j Customizing captions (AR)
 (/usr/local/texlive/2023/texmf-dist/tex/latex/caption/caption3.sty
Package: caption3 2023/03/12 v2.4 caption3 kernel (AR)
\caption@tempdima=\dimen185
\captionmargin=\dimen186
\caption@leftmargin=\dimen187
\caption@rightmargin=\dimen188
\caption@width=\dimen189
\caption@indent=\dimen190
\caption@parindent=\dimen191
\caption@hangindent=\dimen192
Package caption Info: Standard document class detected.
)
\c@caption@flags=\count289
\c@continuedfloat=\count290
Package caption Info: longtable package is loaded.
 (/usr/local/texlive/2023/texmf-dist/tex/latex/caption/ltcaption.sty
Package: ltcaption 2021/01/08 v1.4c longtable captions (AR)
))
Package caption Info: Option `figurename' requires the `newfloat' package on input line 134.
 (/usr/local/texlive/2023/texmf-dist/tex/latex/newfloat/newfloat.sty
Package: newfloat 2019/09/02 v1.1l Defining new floating environments (AR)
) (/usr/local/texlive/2023/texmf-dist/tex/latex/tabu/tabu.sty
Package: tabu 2019/01/11 v2.9 - flexible LaTeX tabulars (FC+tabu-fixed)
 (/usr/local/texlive/2023/texmf-dist/tex/latex/varwidth/varwidth.sty
Package: varwidth 2009/03/30 ver 0.92;  Variable-width minipages
\@vwid@box=\box63
\sift@deathcycles=\count291
\@vwid@loff=\dimen193
\@vwid@roff=\dimen194
)
\c@taburow=\count292
\tabu@nbcols=\count293
\tabu@cnt=\count294
\tabu@Xcol=\count295
\tabu@alloc=\count296
\tabu@nested=\count297
\tabu@target=\dimen195
\tabu@spreadtarget=\dimen196
\tabu@naturalX=\dimen197
\tabucolX=\dimen198
\tabu@Xsum=\dimen199
\extrarowdepth=\dimen256
\abovetabulinesep=\dimen257
\belowtabulinesep=\dimen258
\tabustrutrule=\dimen259
\tabu@thebody=\toks31
\tabu@footnotes=\toks32
\tabu@box=\box64
\tabu@arstrutbox=\box65
\tabu@hleads=\box66
\tabu@vleads=\box67
\tabu@cellskip=\skip68
) (/usr/local/texlive/2023/texmf-dist/tex/latex/multirow/multirow.sty
Package: multirow 2021/03/15 v2.8 Span multiple rows of a table
\multirow@colwidth=\skip69
\multirow@cntb=\count298
\multirow@dima=\skip70
\bigstrutjot=\dimen260
) (/usr/local/texlive/2023/texmf-dist/tex/latex/pdflscape/pdflscape.sty
Package: pdflscape 2022-10-27 v0.13 Display of landscape pages in PDF
 (/usr/local/texlive/2023/texmf-dist/tex/latex/pdflscape/pdflscape-nometadata.sty
Package: pdflscape-nometadata 2022-10-28 v0.13 Display of landscape pages in PDF (HO)
 (/usr/local/texlive/2023/texmf-dist/tex/latex/graphics/lscape.sty
Package: lscape 2020/05/28 v3.02 Landscape Pages (DPC)
)
Package pdflscape Info: Auto-detected driver: pdftex on input line 81.
)) (/usr/local/texlive/2023/texmf-dist/tex/latex/lineno/lineno.sty
Package: lineno 2023/01/19 line numbers on paragraphs v5.1
\linenopenalty=\count299
\output=\toks33
\linenoprevgraf=\count300
\linenumbersep=\dimen261
\linenumberwidth=\dimen262
\c@linenumber=\count301
\c@pagewiselinenumber=\count302
\c@LN@truepage=\count303
\c@internallinenumber=\count304
\c@internallinenumbers=\count305
\quotelinenumbersep=\dimen263
\bframerule=\dimen264
\bframesep=\dimen265
\bframebox=\box68
\linenoamsmath@ams@eqpen=\count306
LaTeX Info: Redefining \\ on input line 3131.
) (/usr/local/texlive/2023/texmf-dist/tex/latex/wrapfig/wrapfig.sty
\wrapoverhang=\dimen266
\WF@size=\dimen267
\c@WF@wrappedlines=\count307
\WF@box=\box69
\WF@everypar=\toks34
Package: wrapfig 2003/01/31  v 3.6
) (/usr/local/texlive/2023/texmf-dist/tex/latex/float/float.sty
Package: float 2001/11/08 v1.3d Float enhancements (AL)
\c@float@type=\count308
\float@exts=\toks35
\float@box=\box70
\@float@everytoks=\toks36
\@floatcapt=\box71
) (/usr/local/texlive/2023/texmf-dist/tex/latex/colortbl/colortbl.sty
Package: colortbl 2022/06/20 v1.0f Color table columns (DPC)
\everycr=\toks37
\minrowclearance=\skip71
\rownum=\count309
) (/usr/local/texlive/2023/texmf-dist/tex/latex/threeparttable/threeparttable.sty
Package: threeparttable 2003/06/13  v 3.0
\@tempboxb=\box72
) (/usr/local/texlive/2023/texmf-dist/tex/latex/threeparttablex/threeparttablex.sty
Package: threeparttablex 2013/07/23 v0.3 by daleif
 (/usr/local/texlive/2023/texmf-dist/tex/latex/environ/environ.sty
Package: environ 2014/05/04 v0.3 A new way to define environments
 (/usr/local/texlive/2023/texmf-dist/tex/latex/trimspaces/trimspaces.sty
Package: trimspaces 2009/09/17 v1.1 Trim spaces around a token list
))
\TPTL@width=\skip72
) (/usr/local/texlive/2023/texmf-dist/tex/generic/ulem/ulem.sty
\UL@box=\box73
\UL@hyphenbox=\box74
\UL@skip=\skip73
\UL@hook=\toks38
\UL@height=\dimen268
\UL@pe=\count310
\UL@pixel=\dimen269
\ULC@box=\box75
Package: ulem 2019/11/18
\ULdepth=\dimen270
) (/usr/local/texlive/2023/texmf-dist/tex/latex/makecell/makecell.sty
Package: makecell 2009/08/03 V0.1e Managing of Tab Column Heads and Cells
\rotheadsize=\dimen271
\c@nlinenum=\count311
\TeXr@lab=\toks39
) (/usr/local/texlive/2023/texmf-dist/tex/latex/tcolorbox/tcolorbox.sty
Package: tcolorbox 2023/02/12 version 6.0.1 text color boxes
 (/usr/local/texlive/2023/texmf-dist/tex/latex/pgf/basiclayer/pgf.sty (/usr/local/texlive/2023/texmf-dist/tex/latex/pgf/utilities/pgfrcs.sty (/usr/local/texlive/2023/texmf-dist/tex/generic/pgf/utilities/pgfutil-common.tex
\pgfutil@everybye=\toks40
\pgfutil@tempdima=\dimen272
\pgfutil@tempdimb=\dimen273
) (/usr/local/texlive/2023/texmf-dist/tex/generic/pgf/utilities/pgfutil-latex.def
\pgfutil@abb=\box76
) (/usr/local/texlive/2023/texmf-dist/tex/generic/pgf/utilities/pgfrcs.code.tex (/usr/local/texlive/2023/texmf-dist/tex/generic/pgf/pgf.revision.tex)
Package: pgfrcs 2023-01-15 v3.1.10 (3.1.10)
))
Package: pgf 2023-01-15 v3.1.10 (3.1.10)
 (/usr/local/texlive/2023/texmf-dist/tex/latex/pgf/basiclayer/pgfcore.sty (/usr/local/texlive/2023/texmf-dist/tex/latex/pgf/systemlayer/pgfsys.sty (/usr/local/texlive/2023/texmf-dist/tex/generic/pgf/systemlayer/pgfsys.code.tex
Package: pgfsys 2023-01-15 v3.1.10 (3.1.10)
 (/usr/local/texlive/2023/texmf-dist/tex/generic/pgf/utilities/pgfkeys.code.tex
\pgfkeys@pathtoks=\toks41
\pgfkeys@temptoks=\toks42
 (/usr/local/texlive/2023/texmf-dist/tex/generic/pgf/utilities/pgfkeyslibraryfiltered.code.tex
\pgfkeys@tmptoks=\toks43
))
\pgf@x=\dimen274
\pgf@y=\dimen275
\pgf@xa=\dimen276
\pgf@ya=\dimen277
\pgf@xb=\dimen278
\pgf@yb=\dimen279
\pgf@xc=\dimen280
\pgf@yc=\dimen281
\pgf@xd=\dimen282
\pgf@yd=\dimen283
\w@pgf@writea=\write3
\r@pgf@reada=\read2
\c@pgf@counta=\count312
\c@pgf@countb=\count313
\c@pgf@countc=\count314
\c@pgf@countd=\count315
\t@pgf@toka=\toks44
\t@pgf@tokb=\toks45
\t@pgf@tokc=\toks46
\pgf@sys@id@count=\count316
 (/usr/local/texlive/2023/texmf-dist/tex/generic/pgf/systemlayer/pgf.cfg
File: pgf.cfg 2023-01-15 v3.1.10 (3.1.10)
)
Driver file for pgf: pgfsys-pdftex.def
 (/usr/local/texlive/2023/texmf-dist/tex/generic/pgf/systemlayer/pgfsys-pdftex.def
File: pgfsys-pdftex.def 2023-01-15 v3.1.10 (3.1.10)
 (/usr/local/texlive/2023/texmf-dist/tex/generic/pgf/systemlayer/pgfsys-common-pdf.def
File: pgfsys-common-pdf.def 2023-01-15 v3.1.10 (3.1.10)
))) (/usr/local/texlive/2023/texmf-dist/tex/generic/pgf/systemlayer/pgfsyssoftpath.code.tex
File: pgfsyssoftpath.code.tex 2023-01-15 v3.1.10 (3.1.10)
\pgfsyssoftpath@smallbuffer@items=\count317
\pgfsyssoftpath@bigbuffer@items=\count318
) (/usr/local/texlive/2023/texmf-dist/tex/generic/pgf/systemlayer/pgfsysprotocol.code.tex
File: pgfsysprotocol.code.tex 2023-01-15 v3.1.10 (3.1.10)
)) (/usr/local/texlive/2023/texmf-dist/tex/generic/pgf/basiclayer/pgfcore.code.tex
Package: pgfcore 2023-01-15 v3.1.10 (3.1.10)
 (/usr/local/texlive/2023/texmf-dist/tex/generic/pgf/math/pgfmath.code.tex (/usr/local/texlive/2023/texmf-dist/tex/generic/pgf/math/pgfmathutil.code.tex) (/usr/local/texlive/2023/texmf-dist/tex/generic/pgf/math/pgfmathparser.code.tex
\pgfmath@dimen=\dimen284
\pgfmath@count=\count319
\pgfmath@box=\box77
\pgfmath@toks=\toks47
\pgfmath@stack@operand=\toks48
\pgfmath@stack@operation=\toks49
) (/usr/local/texlive/2023/texmf-dist/tex/generic/pgf/math/pgfmathfunctions.code.tex) (/usr/local/texlive/2023/texmf-dist/tex/generic/pgf/math/pgfmathfunctions.basic.code.tex) (/usr/local/texlive/2023/texmf-dist/tex/generic/pgf/math/pgfmathfunctions.trigonometric.code.tex) (/usr/local/texlive/2023/texmf-dist/tex/generic/pgf/math/pgfmathfunctions.random.code.tex) (/usr/local/texlive/2023/texmf-dist/tex/generic/pgf/math/pgfmathfunctions.comparison.code.tex) (/usr/local/texlive/2023/texmf-dist/tex/generic/pgf/math/pgfmathfunctions.base.code.tex) (/usr/local/texlive/2023/texmf-dist/tex/generic/pgf/math/pgfmathfunctions.round.code.tex) (/usr/local/texlive/2023/texmf-dist/tex/generic/pgf/math/pgfmathfunctions.misc.code.tex) (/usr/local/texlive/2023/texmf-dist/tex/generic/pgf/math/pgfmathfunctions.integerarithmetics.code.tex) (/usr/local/texlive/2023/texmf-dist/tex/generic/pgf/math/pgfmathcalc.code.tex) (/usr/local/texlive/2023/texmf-dist/tex/generic/pgf/math/pgfmathfloat.code.tex
\c@pgfmathroundto@lastzeros=\count320
)) (/usr/local/texlive/2023/texmf-dist/tex/generic/pgf/math/pgfint.code.tex) (/usr/local/texlive/2023/texmf-dist/tex/generic/pgf/basiclayer/pgfcorepoints.code.tex
File: pgfcorepoints.code.tex 2023-01-15 v3.1.10 (3.1.10)
\pgf@picminx=\dimen285
\pgf@picmaxx=\dimen286
\pgf@picminy=\dimen287
\pgf@picmaxy=\dimen288
\pgf@pathminx=\dimen289
\pgf@pathmaxx=\dimen290
\pgf@pathminy=\dimen291
\pgf@pathmaxy=\dimen292
\pgf@xx=\dimen293
\pgf@xy=\dimen294
\pgf@yx=\dimen295
\pgf@yy=\dimen296
\pgf@zx=\dimen297
\pgf@zy=\dimen298
) (/usr/local/texlive/2023/texmf-dist/tex/generic/pgf/basiclayer/pgfcorepathconstruct.code.tex
File: pgfcorepathconstruct.code.tex 2023-01-15 v3.1.10 (3.1.10)
\pgf@path@lastx=\dimen299
\pgf@path@lasty=\dimen300
) (/usr/local/texlive/2023/texmf-dist/tex/generic/pgf/basiclayer/pgfcorepathusage.code.tex
File: pgfcorepathusage.code.tex 2023-01-15 v3.1.10 (3.1.10)
\pgf@shorten@end@additional=\dimen301
\pgf@shorten@start@additional=\dimen302
) (/usr/local/texlive/2023/texmf-dist/tex/generic/pgf/basiclayer/pgfcorescopes.code.tex
File: pgfcorescopes.code.tex 2023-01-15 v3.1.10 (3.1.10)
\pgfpic=\box78
\pgf@hbox=\box79
\pgf@layerbox@main=\box80
\pgf@picture@serial@count=\count321
) (/usr/local/texlive/2023/texmf-dist/tex/generic/pgf/basiclayer/pgfcoregraphicstate.code.tex
File: pgfcoregraphicstate.code.tex 2023-01-15 v3.1.10 (3.1.10)
\pgflinewidth=\dimen303
) (/usr/local/texlive/2023/texmf-dist/tex/generic/pgf/basiclayer/pgfcoretransformations.code.tex
File: pgfcoretransformations.code.tex 2023-01-15 v3.1.10 (3.1.10)
\pgf@pt@x=\dimen304
\pgf@pt@y=\dimen305
\pgf@pt@temp=\dimen306
) (/usr/local/texlive/2023/texmf-dist/tex/generic/pgf/basiclayer/pgfcorequick.code.tex
File: pgfcorequick.code.tex 2023-01-15 v3.1.10 (3.1.10)
) (/usr/local/texlive/2023/texmf-dist/tex/generic/pgf/basiclayer/pgfcoreobjects.code.tex
File: pgfcoreobjects.code.tex 2023-01-15 v3.1.10 (3.1.10)
) (/usr/local/texlive/2023/texmf-dist/tex/generic/pgf/basiclayer/pgfcorepathprocessing.code.tex
File: pgfcorepathprocessing.code.tex 2023-01-15 v3.1.10 (3.1.10)
) (/usr/local/texlive/2023/texmf-dist/tex/generic/pgf/basiclayer/pgfcorearrows.code.tex
File: pgfcorearrows.code.tex 2023-01-15 v3.1.10 (3.1.10)
\pgfarrowsep=\dimen307
) (/usr/local/texlive/2023/texmf-dist/tex/generic/pgf/basiclayer/pgfcoreshade.code.tex
File: pgfcoreshade.code.tex 2023-01-15 v3.1.10 (3.1.10)
\pgf@max=\dimen308
\pgf@sys@shading@range@num=\count322
\pgf@shadingcount=\count323
) (/usr/local/texlive/2023/texmf-dist/tex/generic/pgf/basiclayer/pgfcoreimage.code.tex
File: pgfcoreimage.code.tex 2023-01-15 v3.1.10 (3.1.10)
) (/usr/local/texlive/2023/texmf-dist/tex/generic/pgf/basiclayer/pgfcoreexternal.code.tex
File: pgfcoreexternal.code.tex 2023-01-15 v3.1.10 (3.1.10)
\pgfexternal@startupbox=\box81
) (/usr/local/texlive/2023/texmf-dist/tex/generic/pgf/basiclayer/pgfcorelayers.code.tex
File: pgfcorelayers.code.tex 2023-01-15 v3.1.10 (3.1.10)
) (/usr/local/texlive/2023/texmf-dist/tex/generic/pgf/basiclayer/pgfcoretransparency.code.tex
File: pgfcoretransparency.code.tex 2023-01-15 v3.1.10 (3.1.10)
) (/usr/local/texlive/2023/texmf-dist/tex/generic/pgf/basiclayer/pgfcorepatterns.code.tex
File: pgfcorepatterns.code.tex 2023-01-15 v3.1.10 (3.1.10)
) (/usr/local/texlive/2023/texmf-dist/tex/generic/pgf/basiclayer/pgfcorerdf.code.tex
File: pgfcorerdf.code.tex 2023-01-15 v3.1.10 (3.1.10)
))) (/usr/local/texlive/2023/texmf-dist/tex/generic/pgf/modules/pgfmoduleshapes.code.tex
File: pgfmoduleshapes.code.tex 2023-01-15 v3.1.10 (3.1.10)
\pgfnodeparttextbox=\box82
) (/usr/local/texlive/2023/texmf-dist/tex/generic/pgf/modules/pgfmoduleplot.code.tex
File: pgfmoduleplot.code.tex 2023-01-15 v3.1.10 (3.1.10)
) (/usr/local/texlive/2023/texmf-dist/tex/latex/pgf/compatibility/pgfcomp-version-0-65.sty
Package: pgfcomp-version-0-65 2023-01-15 v3.1.10 (3.1.10)
\pgf@nodesepstart=\dimen309
\pgf@nodesepend=\dimen310
) (/usr/local/texlive/2023/texmf-dist/tex/latex/pgf/compatibility/pgfcomp-version-1-18.sty
Package: pgfcomp-version-1-18 2023-01-15 v3.1.10 (3.1.10)
)) (/usr/local/texlive/2023/texmf-dist/tex/latex/tools/verbatim.sty
Package: verbatim 2022-07-02 v1.5u LaTeX2e package for verbatim enhancements
\every@verbatim=\toks50
\verbatim@line=\toks51
\verbatim@in@stream=\read3
)
\tcb@titlebox=\box83
\tcb@upperbox=\box84
\tcb@lowerbox=\box85
\tcb@phantombox=\box86
\c@tcbbreakpart=\count324
\c@tcblayer=\count325
\c@tcolorbox@number=\count326
\tcb@temp=\box87
\tcb@temp=\box88
\tcb@temp=\box89
\tcb@temp=\box90
 (/usr/local/texlive/2023/texmf-dist/tex/latex/tcolorbox/tcbskins.code.tex
Library (tcolorbox): 'tcbskins.code.tex' version '6.0.1'
(/usr/local/texlive/2023/texmf-dist/tex/latex/pgf/frontendlayer/tikz.sty (/usr/local/texlive/2023/texmf-dist/tex/latex/pgf/utilities/pgffor.sty (/usr/local/texlive/2023/texmf-dist/tex/latex/pgf/utilities/pgfkeys.sty (/usr/local/texlive/2023/texmf-dist/tex/generic/pgf/utilities/pgfkeys.code.tex)) (/usr/local/texlive/2023/texmf-dist/tex/latex/pgf/math/pgfmath.sty (/usr/local/texlive/2023/texmf-dist/tex/generic/pgf/math/pgfmath.code.tex)) (/usr/local/texlive/2023/texmf-dist/tex/generic/pgf/utilities/pgffor.code.tex
Package: pgffor 2023-01-15 v3.1.10 (3.1.10)
\pgffor@iter=\dimen311
\pgffor@skip=\dimen312
\pgffor@stack=\toks52
\pgffor@toks=\toks53
)) (/usr/local/texlive/2023/texmf-dist/tex/generic/pgf/frontendlayer/tikz/tikz.code.tex
Package: tikz 2023-01-15 v3.1.10 (3.1.10)
 (/usr/local/texlive/2023/texmf-dist/tex/generic/pgf/libraries/pgflibraryplothandlers.code.tex
File: pgflibraryplothandlers.code.tex 2023-01-15 v3.1.10 (3.1.10)
\pgf@plot@mark@count=\count327
\pgfplotmarksize=\dimen313
)
\tikz@lastx=\dimen314
\tikz@lasty=\dimen315
\tikz@lastxsaved=\dimen316
\tikz@lastysaved=\dimen317
\tikz@lastmovetox=\dimen318
\tikz@lastmovetoy=\dimen319
\tikzleveldistance=\dimen320
\tikzsiblingdistance=\dimen321
\tikz@figbox=\box91
\tikz@figbox@bg=\box92
\tikz@tempbox=\box93
\tikz@tempbox@bg=\box94
\tikztreelevel=\count328
\tikznumberofchildren=\count329
\tikznumberofcurrentchild=\count330
\tikz@fig@count=\count331
 (/usr/local/texlive/2023/texmf-dist/tex/generic/pgf/modules/pgfmodulematrix.code.tex
File: pgfmodulematrix.code.tex 2023-01-15 v3.1.10 (3.1.10)
\pgfmatrixcurrentrow=\count332
\pgfmatrixcurrentcolumn=\count333
\pgf@matrix@numberofcolumns=\count334
)
\tikz@expandcount=\count335
 (/usr/local/texlive/2023/texmf-dist/tex/generic/pgf/frontendlayer/tikz/libraries/tikzlibrarytopaths.code.tex
File: tikzlibrarytopaths.code.tex 2023-01-15 v3.1.10 (3.1.10)
))) (/usr/local/texlive/2023/texmf-dist/tex/latex/tikzfill/tikzfill.image.sty
Package: tikzfill.image 2022/07/20 v1.0.0 Image filling library for TikZ
 (/usr/local/texlive/2023/texmf-dist/tex/latex/tikzfill/tikzfill-common.sty
Package: tikzfill-common 2022/07/20 v1.0.0 Auxiliary code for tikzfill
) (/usr/local/texlive/2023/texmf-dist/tex/latex/tikzfill/tikzlibraryfill.image.code.tex
File: tikzlibraryfill.image.code.tex 2022/07/20 v1.0.0 Image filling library
\l__tikzfill_img_box=\box95
)) (/usr/local/texlive/2023/texmf-dist/tex/latex/tcolorbox/tcbskinsjigsaw.code.tex
Library (tcolorbox): 'tcbskinsjigsaw.code.tex' version '6.0.1'
)) (/usr/local/texlive/2023/texmf-dist/tex/latex/tcolorbox/tcbbreakable.code.tex
Library (tcolorbox): 'tcbbreakable.code.tex' version '6.0.1'
(/usr/local/texlive/2023/texmf-dist/tex/latex/pdfcol/pdfcol.sty
Package: pdfcol 2022-09-21 v1.7 Handle new color stacks for pdfTeX (HO)
 (/usr/local/texlive/2023/texmf-dist/tex/generic/infwarerr/infwarerr.sty
Package: infwarerr 2019/12/03 v1.5 Providing info/warning/error messages (HO)
))
Package pdfcol Info: New color stack `tcb@breakable' = 1 on input line 23.
\tcb@testbox=\box96
\tcb@totalupperbox=\box97
\tcb@totallowerbox=\box98
)) (/usr/local/texlive/2023/texmf-dist/tex/latex/fontawesome5/fontawesome5.sty (/usr/local/texlive/2023/texmf-dist/tex/latex/l3kernel/expl3.sty
Package: expl3 2023-02-22 L3 programming layer (loader) 
 (/usr/local/texlive/2023/texmf-dist/tex/latex/l3backend/l3backend-pdftex.def
File: l3backend-pdftex.def 2023-01-16 L3 backend support: PDF output (pdfTeX)
\l__color_backend_stack_int=\count336
\l__pdf_internal_box=\box99
))
Package: fontawesome5 2022/05/02 v5.15.4 Font Awesome 5
 (/usr/local/texlive/2023/texmf-dist/tex/latex/l3packages/l3keys2e/l3keys2e.sty
Package: l3keys2e 2023-02-02 LaTeX2e option processing using LaTeX3 keys
) (/usr/local/texlive/2023/texmf-dist/tex/latex/l3packages/xparse/xparse.sty
Package: xparse 2023-02-02 L3 Experimental document command parser
) (/usr/local/texlive/2023/texmf-dist/tex/latex/fontawesome5/fontawesome5-generic-helper.sty
Package: fontawesome5-generic-helper 2022/05/02 v5.15.4 non-uTeX helper for fontawesome5
 (/usr/local/texlive/2023/texmf-dist/tex/latex/fontawesome5/fontawesome5-mapping.def)))
\@float@every@codelisting=\toks54
\c@codelisting=\count337
 (/usr/local/texlive/2023/texmf-dist/tex/latex/caption/subcaption.sty
Package: subcaption 2023/02/19 v1.6 Sub-captions (AR)
Package caption Info: New subtype `subfigure' on input line 239.
\c@subfigure=\count338
Package caption Info: New subtype `subtable' on input line 239.
\c@subtable=\count339
) (/usr/local/texlive/2023/texmf-dist/tex/latex/bookmark/bookmark.sty
Package: bookmark 2020-11-06 v1.29 PDF bookmarks (HO)
 (/usr/local/texlive/2023/texmf-dist/tex/latex/hyperref/hyperref.sty
Package: hyperref 2023-02-07 v7.00v Hypertext links for LaTeX
 (/usr/local/texlive/2023/texmf-dist/tex/generic/pdftexcmds/pdftexcmds.sty
Package: pdftexcmds 2020-06-27 v0.33 Utility functions of pdfTeX for LuaTeX (HO)
Package pdftexcmds Info: \pdf@primitive is available.
Package pdftexcmds Info: \pdf@ifprimitive is available.
Package pdftexcmds Info: \pdfdraftmode found.
) (/usr/local/texlive/2023/texmf-dist/tex/generic/kvdefinekeys/kvdefinekeys.sty
Package: kvdefinekeys 2019-12-19 v1.6 Define keys (HO)
) (/usr/local/texlive/2023/texmf-dist/tex/generic/pdfescape/pdfescape.sty
Package: pdfescape 2019/12/09 v1.15 Implements pdfTeX's escape features (HO)
) (/usr/local/texlive/2023/texmf-dist/tex/latex/hycolor/hycolor.sty
Package: hycolor 2020-01-27 v1.10 Color options for hyperref/bookmark (HO)
) (/usr/local/texlive/2023/texmf-dist/tex/latex/letltxmacro/letltxmacro.sty
Package: letltxmacro 2019/12/03 v1.6 Let assignment for LaTeX macros (HO)
) (/usr/local/texlive/2023/texmf-dist/tex/latex/auxhook/auxhook.sty
Package: auxhook 2019-12-17 v1.6 Hooks for auxiliary files (HO)
) (/usr/local/texlive/2023/texmf-dist/tex/latex/hyperref/nameref.sty
Package: nameref 2022-05-17 v2.50 Cross-referencing by name of section
 (/usr/local/texlive/2023/texmf-dist/tex/latex/refcount/refcount.sty
Package: refcount 2019/12/15 v3.6 Data extraction from label references (HO)
) (/usr/local/texlive/2023/texmf-dist/tex/generic/gettitlestring/gettitlestring.sty
Package: gettitlestring 2019/12/15 v1.6 Cleanup title references (HO)
)
\c@section@level=\count340
)
\@linkdim=\dimen322
\Hy@linkcounter=\count341
\Hy@pagecounter=\count342
 (/usr/local/texlive/2023/texmf-dist/tex/latex/hyperref/pd1enc.def
File: pd1enc.def 2023-02-07 v7.00v Hyperref: PDFDocEncoding definition (HO)
Now handling font encoding PD1 ...
... no UTF-8 mapping file for font encoding PD1
) (/usr/local/texlive/2023/texmf-dist/tex/generic/intcalc/intcalc.sty
Package: intcalc 2019/12/15 v1.3 Expandable calculations with integers (HO)
) (/usr/local/texlive/2023/texmf-dist/tex/generic/etexcmds/etexcmds.sty
Package: etexcmds 2019/12/15 v1.7 Avoid name clashes with e-TeX commands (HO)
)
\Hy@SavedSpaceFactor=\count343
 (/usr/local/texlive/2023/texmf-dist/tex/latex/hyperref/puenc.def
File: puenc.def 2023-02-07 v7.00v Hyperref: PDF Unicode definition (HO)
Now handling font encoding PU ...
... no UTF-8 mapping file for font encoding PU
)
Package hyperref Info: Option `unicode' set `true' on input line 4060.
Package hyperref Info: Hyper figures OFF on input line 4177.
Package hyperref Info: Link nesting OFF on input line 4182.
Package hyperref Info: Hyper index ON on input line 4185.
Package hyperref Info: Plain pages OFF on input line 4192.
Package hyperref Info: Backreferencing OFF on input line 4197.
Package hyperref Info: Implicit mode ON; LaTeX internals redefined.
Package hyperref Info: Bookmarks ON on input line 4425.
\c@Hy@tempcnt=\count344
 (/usr/local/texlive/2023/texmf-dist/tex/latex/url/url.sty
\Urlmuskip=\muskip17
Package: url 2013/09/16  ver 3.4  Verb mode for urls, etc.
)
LaTeX Info: Redefining \url on input line 4763.
\XeTeXLinkMargin=\dimen323
 (/usr/local/texlive/2023/texmf-dist/tex/generic/bitset/bitset.sty
Package: bitset 2019/12/09 v1.3 Handle bit-vector datatype (HO)
 (/usr/local/texlive/2023/texmf-dist/tex/generic/bigintcalc/bigintcalc.sty
Package: bigintcalc 2019/12/15 v1.5 Expandable calculations on big integers (HO)
))
\Fld@menulength=\count345
\Field@Width=\dimen324
\Fld@charsize=\dimen325
Package hyperref Info: Hyper figures OFF on input line 6042.
Package hyperref Info: Link nesting OFF on input line 6047.
Package hyperref Info: Hyper index ON on input line 6050.
Package hyperref Info: backreferencing OFF on input line 6057.
Package hyperref Info: Link coloring OFF on input line 6062.
Package hyperref Info: Link coloring with OCG OFF on input line 6067.
Package hyperref Info: PDF/A mode OFF on input line 6072.
 (/usr/local/texlive/2023/texmf-dist/tex/latex/base/atbegshi-ltx.sty
Package: atbegshi-ltx 2021/01/10 v1.0c Emulation of the original atbegshi
package with kernel methods
)
\Hy@abspage=\count346
\c@Item=\count347
\c@Hfootnote=\count348
)
Package hyperref Info: Driver (autodetected): hpdftex.
 (/usr/local/texlive/2023/texmf-dist/tex/latex/hyperref/hpdftex.def
File: hpdftex.def 2023-02-07 v7.00v Hyperref driver for pdfTeX
 (/usr/local/texlive/2023/texmf-dist/tex/latex/base/atveryend-ltx.sty
Package: atveryend-ltx 2020/08/19 v1.0a Emulation of the original atveryend package
with kernel methods
)
\Fld@listcount=\count349
\c@bookmark@seq@number=\count350
 (/usr/local/texlive/2023/texmf-dist/tex/latex/rerunfilecheck/rerunfilecheck.sty
Package: rerunfilecheck 2022-07-10 v1.10 Rerun checks for auxiliary files (HO)
 (/usr/local/texlive/2023/texmf-dist/tex/generic/uniquecounter/uniquecounter.sty
Package: uniquecounter 2019/12/15 v1.4 Provide unlimited unique counter (HO)
)
Package uniquecounter Info: New unique counter `rerunfilecheck' on input line 285.
)
\Hy@SectionHShift=\skip74
) (/usr/local/texlive/2023/texmf-dist/tex/latex/bookmark/bkm-pdftex.def
File: bkm-pdftex.def 2020-11-06 v1.29 bookmark driver for pdfTeX (HO)
\BKM@id=\count351
)) (/usr/local/texlive/2023/texmf-dist/tex/latex/xurl/xurl.sty
Package: xurl 2022/01/09 v 0.10 modify URL breaks
)
Package hyperref Info: Option `colorlinks' set `true' on input line 236.
LaTeX Font Info:    Trying to load font information for T1+lmr on input line 248.
 (/usr/local/texlive/2023/texmf-dist/tex/latex/lm/t1lmr.fd
File: t1lmr.fd 2015/05/01 v1.6.1 Font defs for Latin Modern
)
No file Livrable.aux.
\openout1 = `Livrable.aux'.

LaTeX Font Info:    Checking defaults for OML/cmm/m/it on input line 248.
LaTeX Font Info:    ... okay on input line 248.
LaTeX Font Info:    Checking defaults for OMS/cmsy/m/n on input line 248.
LaTeX Font Info:    ... okay on input line 248.
LaTeX Font Info:    Checking defaults for OT1/cmr/m/n on input line 248.
LaTeX Font Info:    ... okay on input line 248.
LaTeX Font Info:    Checking defaults for T1/cmr/m/n on input line 248.
LaTeX Font Info:    ... okay on input line 248.
LaTeX Font Info:    Checking defaults for TS1/cmr/m/n on input line 248.
LaTeX Font Info:    ... okay on input line 248.
LaTeX Font Info:    Checking defaults for OMX/cmex/m/n on input line 248.
LaTeX Font Info:    ... okay on input line 248.
LaTeX Font Info:    Checking defaults for U/cmr/m/n on input line 248.
LaTeX Font Info:    ... okay on input line 248.
LaTeX Font Info:    Checking defaults for PD1/pdf/m/n on input line 248.
LaTeX Font Info:    ... okay on input line 248.
LaTeX Font Info:    Checking defaults for PU/pdf/m/n on input line 248.
LaTeX Font Info:    ... okay on input line 248.
LaTeX Info: Redefining \microtypecontext on input line 248.
Package microtype Info: Applying patch `item' on input line 248.
Package microtype Info: Applying patch `toc' on input line 248.
Package microtype Info: Applying patch `eqnum' on input line 248.
Package microtype Info: Applying patch `footnote' on input line 248.
Package microtype Info: Applying patch `verbatim' on input line 248.
Package microtype Info: Generating PDF output.
Package microtype Info: Character protrusion enabled (level 2).
Package microtype Info: Using protrusion set `basicmath'.
Package microtype Info: Automatic font expansion enabled (level 2),
(microtype)             stretch: 20, shrink: 20, step: 1, non-selected.
Package microtype Info: Using default expansion set `alltext-nott'.
LaTeX Info: Redefining \showhyphens on input line 248.
Package microtype Info: No adjustment of tracking.
Package microtype Info: No adjustment of interword spacing.
Package microtype Info: No adjustment of character kerning.
(/usr/local/texlive/2023/texmf-dist/tex/latex/microtype/mt-cmr.cfg
File: mt-cmr.cfg 2013/05/19 v2.2 microtype config. file: Computer Modern Roman (RS)
) (/usr/local/texlive/2023/texmf-dist/tex/context/base/mkii/supp-pdf.mkii
[Loading MPS to PDF converter (version 2006.09.02).]
\scratchcounter=\count352
\scratchdimen=\dimen326
\scratchbox=\box100
\nofMPsegments=\count353
\nofMParguments=\count354
\everyMPshowfont=\toks55
\MPscratchCnt=\count355
\MPscratchDim=\dimen327
\MPnumerator=\count356
\makeMPintoPDFobject=\count357
\everyMPtoPDFconversion=\toks56
) (/usr/local/texlive/2023/texmf-dist/tex/latex/epstopdf-pkg/epstopdf-base.sty
Package: epstopdf-base 2020-01-24 v2.11 Base part for package epstopdf
Package epstopdf-base Info: Redefining graphics rule for `.eps' on input line 485.
 (/usr/local/texlive/2023/texmf-dist/tex/latex/latexconfig/epstopdf-sys.cfg
File: epstopdf-sys.cfg 2010/07/13 v1.3 Configuration of (r)epstopdf for TeX Live
))
*geometry* driver: auto-detecting
*geometry* detected driver: pdftex
*geometry* verbose mode - [ preamble ] result:
* driver: pdftex
* paper: <default>
* layout: <same size as paper>
* layoutoffset:(h,v)=(0.0pt,0.0pt)
* modes: 
* h-part:(L,W,R)=(56.9055pt, 465.24431pt, 92.14519pt)
* v-part:(T,H,B)=(85.35826pt, 614.21436pt, 95.39737pt)
* \paperwidth=614.295pt
* \paperheight=794.96999pt
* \textwidth=465.24431pt
* \textheight=614.21436pt
* \oddsidemargin=-15.36449pt
* \evensidemargin=-15.36449pt
* \topmargin=-23.91173pt
* \headheight=12.0pt
* \headsep=25.0pt
* \topskip=11.0pt
* \footskip=30.0pt
* \marginparwidth=59.0pt
* \marginparsep=10.0pt
* \columnsep=10.0pt
* \skip\footins=10.0pt plus 4.0pt minus 2.0pt
* \hoffset=0.0pt
* \voffset=0.0pt
* \mag=1000
* \@twocolumnfalse
* \@twosidefalse
* \@mparswitchfalse
* \@reversemarginfalse
* (1in=72.27pt=25.4mm, 1cm=28.453pt)

Package caption Info: Begin \AtBeginDocument code.
Package caption Info: float package is loaded.
Package caption Info: hyperref package is loaded.
Package caption Info: threeparttable package is loaded.
Package caption Info: wrapfig package is loaded.
Package caption Info: End \AtBeginDocument code.
Package newfloat Info: `float' package detected.
Package newfloat Info: `wrapfig' package detected.
Package hyperref Info: Link coloring ON on input line 248.
<figures/Inedit_horiz.pdf, id=7, 1095.43114pt x 441.01773pt>
File: figures/Inedit_horiz.pdf Graphic file (type pdf)
<use figures/Inedit_horiz.pdf>
Package pdftex.def Info: figures/Inedit_horiz.pdf  used on input line 255.
(pdftex.def)             Requested size: 465.24284pt x 187.30556pt.
LaTeX Font Info:    Trying to load font information for OT1+lmr on input line 270.
(/usr/local/texlive/2023/texmf-dist/tex/latex/lm/ot1lmr.fd
File: ot1lmr.fd 2015/05/01 v1.6.1 Font defs for Latin Modern
)
LaTeX Font Info:    Trying to load font information for OML+lmm on input line 270.
 (/usr/local/texlive/2023/texmf-dist/tex/latex/lm/omllmm.fd
File: omllmm.fd 2015/05/01 v1.6.1 Font defs for Latin Modern
)
LaTeX Font Info:    Trying to load font information for OMS+lmsy on input line 270.
 (/usr/local/texlive/2023/texmf-dist/tex/latex/lm/omslmsy.fd
File: omslmsy.fd 2015/05/01 v1.6.1 Font defs for Latin Modern
)
LaTeX Font Info:    Trying to load font information for OMX+lmex on input line 270.
 (/usr/local/texlive/2023/texmf-dist/tex/latex/lm/omxlmex.fd
File: omxlmex.fd 2015/05/01 v1.6.1 Font defs for Latin Modern
)
LaTeX Font Info:    External font `lmex10' loaded for size
(Font)              <10.95> on input line 270.
LaTeX Font Info:    External font `lmex10' loaded for size
(Font)              <8> on input line 270.
LaTeX Font Info:    External font `lmex10' loaded for size
(Font)              <6> on input line 270.
LaTeX Font Info:    Trying to load font information for U+msa on input line 270.
 (/usr/local/texlive/2023/texmf-dist/tex/latex/amsfonts/umsa.fd
File: umsa.fd 2013/01/14 v3.01 AMS symbols A
) (/usr/local/texlive/2023/texmf-dist/tex/latex/microtype/mt-msa.cfg
File: mt-msa.cfg 2006/02/04 v1.1 microtype config. file: AMS symbols (a) (RS)
)
LaTeX Font Info:    Trying to load font information for U+msb on input line 270.
 (/usr/local/texlive/2023/texmf-dist/tex/latex/amsfonts/umsb.fd
File: umsb.fd 2013/01/14 v3.01 AMS symbols B
) (/usr/local/texlive/2023/texmf-dist/tex/latex/microtype/mt-msb.cfg
File: mt-msb.cfg 2005/06/01 v1.0 microtype config. file: AMS symbols (b) (RS)
) [1

{/usr/local/texlive/2023/texmf-var/fonts/map/pdftex/updmap/pdftex.map}{/usr/local/texlive/2023/texmf-dist/fonts/enc/dvips/lm/lm-ec.enc} <./figures/Inedit_horiz.pdf>]
Overfull \vbox (29.86063pt too high) detected at line 319
 []

File: figures/Inedit_horiz.pdf Graphic file (type pdf)
<use figures/Inedit_horiz.pdf>
Package pdftex.def Info: figures/Inedit_horiz.pdf  used on input line 319.
(pdftex.def)             Requested size: 199.15817pt x 80.18056pt.

Overfull \vbox (29.86063pt too high) detected at line 319
 []


Overfull \hbox (8.64153pt too wide) in paragraph at lines 290--320
[][] 
 []


pdfTeX warning (ext4): destination with the same identifier (name{page.1}) has been already used, duplicate ignored
<to be read again> 
                   \relax 
l.338 \newpage
               [1]
LaTeX Font Info:    Trying to load font information for TS1+lmr on input line 366.
 (/usr/local/texlive/2023/texmf-dist/tex/latex/lm/ts1lmr.fd
File: ts1lmr.fd 2015/05/01 v1.6.1 Font defs for Latin Modern
) [2{/usr/local/texlive/2023/texmf-dist/fonts/enc/dvips/lm/lm-ts1.enc}]
LaTeX Font Info:    Trying to load font information for T1+lmss on input line 378.
 (/usr/local/texlive/2023/texmf-dist/tex/latex/lm/t1lmss.fd
File: t1lmss.fd 2015/05/01 v1.6.1 Font defs for Latin Modern
)
Package microtype Info: Loading generic protrusion settings for font family
(microtype)             `lmss' (encoding: T1).
(microtype)             For optimal results, create family-specific settings.
(microtype)             See the microtype manual for details.

No file Livrable.toc.
\tf@toc=\write4
\openout4 = `Livrable.toc'.

[3]
No file Livrable.lof.
\tf@lof=\write5
\openout5 = `Livrable.lof'.

[4]

LaTeX Warning: Reference `sec-plastic' on page 5 undefined on input line 442.


LaTeX Warning: Reference `sec-context' on page 5 undefined on input line 444.


LaTeX Warning: Reference `sec-dit' on page 5 undefined on input line 447.

[5] [6]
<figures/Plastic-problem.png, id=64, 875.70406pt x 527.37567pt>
File: figures/Plastic-problem.png Graphic file (type png)
<use figures/Plastic-problem.png>
Package pdftex.def Info: figures/Plastic-problem.png  used on input line 538.
(pdftex.def)             Requested size: 302.39883pt x 182.11378pt.


LaTeX Warning: Reference `fig-plastic-problem' on page 7 undefined on input line 550.

[7 <./figures/Plastic-problem.png>] [8]

LaTeX Warning: Reference `fig-rives' on page 9 undefined on input line 642.

<figures/Nancy-00.png, id=117, 872.25874pt x 821.0675pt>
File: figures/Nancy-00.png Graphic file (type png)
<use figures/Nancy-00.png>
Package pdftex.def Info: figures/Nancy-00.png  used on input line 658.
(pdftex.def)             Requested size: 218.66307pt x 205.83015pt.

Overfull \hbox (7.29767pt too wide) in paragraph at lines 654--659
 [][] 
 []

<figures/ok3/Rives-of-meurthe.png, id=118, 339.2675pt x 339.2675pt>
File: figures/ok3/Rives-of-meurthe.png Graphic file (type png)
<use figures/ok3/Rives-of-meurthe.png>
Package pdftex.def Info: figures/ok3/Rives-of-meurthe.png  used on input line 682.
(pdftex.def)             Requested size: 218.66278pt x 218.66278pt.

Overfull \hbox (7.29738pt too wide) in paragraph at lines 678--683
 [][] 
 []

LaTeX Font Info:    External font `lmex10' loaded for size
(Font)              <9> on input line 723.
LaTeX Font Info:    External font `lmex10' loaded for size
(Font)              <5> on input line 723.
[9 <./figures/Nancy-00.png> <./figures/ok3/Rives-of-meurthe.png>]

LaTeX Warning: Reference `fig-ok1' on page 10 undefined on input line 736.

<figures/ok3/OK3-01.jpg, id=135, 3569.335pt x 1462.46375pt>
File: figures/ok3/OK3-01.jpg Graphic file (type jpg)
<use figures/ok3/OK3-01.jpg>
Package pdftex.def Info: figures/ok3/OK3-01.jpg  used on input line 756.
(pdftex.def)             Requested size: 418.71613pt x 171.56056pt.
[10{/usr/local/texlive/2023/texmf-dist/fonts/enc/dvips/lm/lm-mathit.enc}{/usr/local/texlive/2023/texmf-dist/fonts/enc/dvips/lm/lm-rm.enc} <./figures/ok3/OK3-01.jpg>]

LaTeX Warning: Reference `fig-lf2l-methodology' on page 11 undefined on input line 807.

<figures/lf2l/Methodology-01.jpg, id=157, 932.94pt x 705.01154pt>
File: figures/lf2l/Methodology-01.jpg Graphic file (type jpg)
<use figures/lf2l/Methodology-01.jpg>
Package pdftex.def Info: figures/lf2l/Methodology-01.jpg  used on input line 811.
(pdftex.def)             Requested size: 225.83197pt x 170.6585pt.
[11 <./figures/lf2l/Methodology-01.jpg>] [12]

LaTeX Warning: Reference `fig-gf-2021' on page 13 undefined on input line 859.

<figures/2021-11-17-octroi.jpeg, id=184, 2457.18pt x 1003.75pt>
File: figures/2021-11-17-octroi.jpeg Graphic file (type jpg)
<use figures/2021-11-17-octroi.jpeg>
Package pdftex.def Info: figures/2021-11-17-octroi.jpeg  used on input line 875.
(pdftex.def)             Requested size: 418.68991pt x 171.03345pt.
[13 <./figures/2021-11-17-octroi.jpeg>]

LaTeX Warning: Reference `fig-dram' on page 14 undefined on input line 956.

<figures/DRAM-10.png, id=209, 1398.52216pt x 651.08109pt>
File: figures/DRAM-10.png Graphic file (type png)
<use figures/DRAM-10.png>
Package pdftex.def Info: figures/DRAM-10.png  used on input line 960.
(pdftex.def)             Requested size: 418.7063pt x 194.92844pt.
[14]

LaTeX Warning: Reference `fig-dit-ul' on page 15 undefined on input line 1009.

<figures/DIT-UL.jpg, id=234, 2019.545pt x 707.64375pt>
File: figures/DIT-UL.jpg Graphic file (type jpg)
<use figures/DIT-UL.jpg>
Package pdftex.def Info: figures/DIT-UL.jpg  used on input line 1013.
(pdftex.def)             Requested size: 418.6934pt x 146.70917pt.
[15 <./figures/DRAM-10.png>]
Underfull \hbox (badness 10000) in paragraph at lines 1058--1060

 []

[16 <./figures/DIT-UL.jpg>]

LaTeX Warning: Reference `fig-smart-collector' on page 17 undefined on input line 1113.

<figures/SC/Abstract.png, id=259, 597.27272pt x 844.54364pt>
File: figures/SC/Abstract.png Graphic file (type png)
<use figures/SC/Abstract.png>
Package pdftex.def Info: figures/SC/Abstract.png  used on input line 1125.
(pdftex.def)             Requested size: 301.13275pt x 425.80173pt.
[17] [18 <./figures/SC/Abstract.png>]
Underfull \hbox (badness 10000) in paragraph at lines 1162--1165

 []


Underfull \hbox (badness 10000) in paragraph at lines 1165--1168

 []


Underfull \hbox (badness 10000) in paragraph at lines 1168--1172

 []


LaTeX Warning: Reference `fig-smart-collector' on page 19 undefined on input line 1183.


LaTeX Warning: Reference `fig-adequation' on page 19 undefined on input line 1216.

<figures/preparation/adequation.jpg, id=289, 4117.3825pt x 1811.76875pt>
File: figures/preparation/adequation.jpg Graphic file (type jpg)
<use figures/preparation/adequation.jpg>
Package pdftex.def Info: figures/preparation/adequation.jpg  used on input line 1222.
(pdftex.def)             Requested size: 465.2274pt x 204.71365pt.
[19] [20 <./figures/preparation/adequation.jpg>]

LaTeX Warning: Reference `fig-feedstock' on page 21 undefined on input line 1306.

<figures/feedstock/3devo-00.jpg, id=317, 722.7pt x 448.5558pt>
File: figures/feedstock/3devo-00.jpg Graphic file (type jpg)
<use figures/feedstock/3devo-00.jpg>
Package pdftex.def Info: figures/feedstock/3devo-00.jpg  used on input line 1311.
(pdftex.def)             Requested size: 418.71416pt x 259.88191pt.
[21 <./figures/feedstock/3devo-00.jpg>]

LaTeX Warning: Reference `fig-injection' on page 22 undefined on input line 1347.

<figures/printing/injectin-00.jpg, id=325, 4268.94875pt x 1766.6pt>
File: figures/printing/injectin-00.jpg Graphic file (type jpg)
<use figures/printing/injectin-00.jpg>
Package pdftex.def Info: figures/printing/injectin-00.jpg  used on input line 1353.
(pdftex.def)             Requested size: 418.71239pt x 173.27388pt.
<figures/FFF-00.png, id=327, 199.2243pt x 180.675pt>
File: figures/FFF-00.png Graphic file (type png)
<use figures/FFF-00.png>
Package pdftex.def Info: figures/FFF-00.png  used on input line 1392.
(pdftex.def)             Requested size: 150.5639pt x 136.54524pt.
<figures/printing/FFF.jpg, id=328, 543.02875pt x 1019.81pt>
File: figures/printing/FFF.jpg Graphic file (type jpg)
<use figures/printing/FFF.jpg>
Package pdftex.def Info: figures/printing/FFF.jpg  used on input line 1407.
(pdftex.def)             Requested size: 75.27776pt x 141.37193pt.

LaTeX Warning: Reference `fig-fff' on page 22 undefined on input line 1422.

[22 <./figures/printing/injectin-00.jpg>]

LaTeX Warning: Reference `fig-gigabot' on page 23 undefined on input line 1438.

<figures/printing/gigabot-concept.jpg, id=344, 2658.93375pt x 1807.75375pt>
File: figures/printing/gigabot-concept.jpg Graphic file (type jpg)
<use figures/printing/gigabot-concept.jpg>
Package pdftex.def Info: figures/printing/gigabot-concept.jpg  used on input line 1451.
(pdftex.def)             Requested size: 225.8238pt x 153.5329pt.
<figures/printing/Gigabot-2.jpg, id=345, 818.05624pt x 1291.82625pt>
File: figures/printing/Gigabot-2.jpg Graphic file (type jpg)
<use figures/printing/Gigabot-2.jpg>
Package pdftex.def Info: figures/printing/Gigabot-2.jpg  used on input line 1466.
(pdftex.def)             Requested size: 112.91684pt x 178.31163pt.
[23 <./figures/FFF-00.png> <./figures/printing/FFF.jpg>] [24 <./figures/printing/gigabot-concept.jpg> <./figures/printing/Gigabot-2.jpg>]
LaTeX Font Info:    External font `lmex10' loaded for size
(Font)              <10> on input line 1525.
LaTeX Font Info:    External font `lmex10' loaded for size
(Font)              <7> on input line 1525.

Overfull \hbox (13.99977pt too wide) in paragraph at lines 1525--1544
 [][] 
 []

[25]

LaTeX Warning: Reference `fig-step1' on page 26 undefined on input line 1553.

<figures/Step-1.png, id=368, 1146.2825pt x 697.60625pt>
File: figures/Step-1.png Graphic file (type png)
<use figures/Step-1.png>
Package pdftex.def Info: figures/Step-1.png  used on input line 1557.
(pdftex.def)             Requested size: 372.20508pt x 226.51709pt.
[26]
<figures/Step-2.png, id=376, 550.6974pt x 348.3414pt>
File: figures/Step-2.png Graphic file (type png)
<use figures/Step-2.png>
Package pdftex.def Info: figures/Step-2.png  used on input line 1586.
(pdftex.def)             Requested size: 418.71924pt x 264.85915pt.
 [27 <./figures/Step-1.png>]

LaTeX Warning: Reference `fig-printability' on page 28 undefined on input line 1615.

<figures/Swapnil-Results-02.jpg, id=385, 22.7622pt x 10.32266pt>
File: figures/Swapnil-Results-02.jpg Graphic file (type jpg)
<use figures/Swapnil-Results-02.jpg>
Package pdftex.def Info: figures/Swapnil-Results-02.jpg  used on input line 1619.
(pdftex.def)             Requested size: 338.9464pt x 153.71194pt.
[28 <./figures/Step-2.png>]
<figures/fedoua/Ecosystem-01.pdf, id=397, 650.43pt x 650.43pt>
File: figures/fedoua/Ecosystem-01.pdf Graphic file (type pdf)
<use figures/fedoua/Ecosystem-01.pdf>
Package pdftex.def Info: figures/fedoua/Ecosystem-01.pdf  used on input line 1672.
(pdftex.def)             Requested size: 232.61627pt x 232.61627pt.


pdfTeX warning: pdflatex (file ./figures/fedoua/Ecosystem-00.pdf): PDF inclusion: found PDF version <1.7>, but at most version <1.5> allowed
<figures/fedoua/Ecosystem-00.pdf, id=398, 269.08528pt x 168.63pt>
File: figures/fedoua/Ecosystem-00.pdf Graphic file (type pdf)
<use figures/fedoua/Ecosystem-00.pdf>
Package pdftex.def Info: figures/fedoua/Ecosystem-00.pdf  used on input line 1683.
(pdftex.def)             Requested size: 232.62418pt x 145.7806pt.

LaTeX Warning: Reference `fig-acceptability-01' on page 29 undefined on input line 1699.


LaTeX Warning: Reference `fig-acceptability-02' on page 29 undefined on input line 1703.

[29 <./figures/Swapnil-Results-02.jpg>]
<figures/fedoua/Acceptability-01.pdf, id=408, 650.43pt x 361.35pt>
File: figures/fedoua/Acceptability-01.pdf Graphic file (type pdf)
<use figures/fedoua/Acceptability-01.pdf>
Package pdftex.def Info: figures/fedoua/Acceptability-01.pdf  used on input line 1718.
(pdftex.def)             Requested size: 232.61627pt x 129.23126pt.
<figures/fedoua/Acceptability-02.pdf, id=409, 650.43pt x 361.35pt>
File: figures/fedoua/Acceptability-02.pdf Graphic file (type pdf)
<use figures/fedoua/Acceptability-02.pdf>
Package pdftex.def Info: figures/fedoua/Acceptability-02.pdf  used on input line 1730.
(pdftex.def)             Requested size: 232.61627pt x 129.23126pt.
 [30 <./figures/fedoua/Ecosystem-01.pdf> <./figures/fedoua/Ecosystem-00.pdf>]

LaTeX Warning: Reference `fig-sc-deployment' on page 31 undefined on input line 1796.

<figures/SC/Deployment.jpg, id=441, 28.45276pt x 9.76878pt>
File: figures/SC/Deployment.jpg Graphic file (type jpg)
<use figures/SC/Deployment.jpg>
Package pdftex.def Info: figures/SC/Deployment.jpg  used on input line 1805.
(pdftex.def)             Requested size: 451.92859pt x 155.16188pt.
[31 <./figures/fedoua/Acceptability-01.pdf> <./figures/fedoua/Acceptability-02.pdf>]

LaTeX Warning: Reference `tbl-deployment' on page 32 undefined on input line 1815.


/Users/fabio/Documents/04-Archivos/INEDIT/INEDIT-WP6/Livrable.tex:1826: LaTeX Error: Unicode character  (U+200B)
               not set up for use with LaTeX.

See the LaTeX manual or LaTeX Companion for explanation.
Type  H <return>  for immediate help.
 ...                                              
                                                  
l.1826 ID & Type
                    & Potential public & Main activity\\
You may provide a definition with
\DeclareUnicodeCharacter 


/Users/fabio/Documents/04-Archivos/INEDIT/INEDIT-WP6/Livrable.tex:1826: LaTeX Error: Unicode character  (U+200B)
               not set up for use with LaTeX.

See the LaTeX manual or LaTeX Companion for explanation.
Type  H <return>  for immediate help.
 ...                                              
                                                  
l.1826 ID & Type & Potential public
                                          & Main activity\\
You may provide a definition with
\DeclareUnicodeCharacter 


/Users/fabio/Documents/04-Archivos/INEDIT/INEDIT-WP6/Livrable.tex:1828: LaTeX Error: Unicode character  (U+200B)
               not set up for use with LaTeX.

See the LaTeX manual or LaTeX Companion for explanation.
Type  H <return>  for immediate help.
 ...                                              
                                                  
l.1828 ...}{1} & \cellcolor{gray!6}{Association
                                                  } & \cellcolor{gray!6}{+...
You may provide a definition with
\DeclareUnicodeCharacter 


/Users/fabio/Documents/04-Archivos/INEDIT/INEDIT-WP6/Livrable.tex:1828: LaTeX Error: Unicode character  (U+200B)
               not set up for use with LaTeX.

See the LaTeX manual or LaTeX Companion for explanation.
Type  H <return>  for immediate help.
 ...                                              
                                                  
l.1828 ...ation} & \cellcolor{gray!6}{+300
                                                  } & \cellcolor{gray!6}{C...
You may provide a definition with
\DeclareUnicodeCharacter 


/Users/fabio/Documents/04-Archivos/INEDIT/INEDIT-WP6/Livrable.tex:1829: LaTeX Error: Unicode character  (U+202F)
               not set up for use with LaTeX.

See the LaTeX manual or LaTeX Companion for explanation.
Type  H <return>  for immediate help.
 ...                                              
                                                  
l.1829 2 & Association
                          & +1000 & Third place, Co-working space\\
You may provide a definition with
\DeclareUnicodeCharacter 


/Users/fabio/Documents/04-Archivos/INEDIT/INEDIT-WP6/Livrable.tex:1829: LaTeX Error: Unicode character  (U+200B)
               not set up for use with LaTeX.

See the LaTeX manual or LaTeX Companion for explanation.
Type  H <return>  for immediate help.
 ...                                              
                                                  
l.1829 2 & Association
                             & +1000 & Third place, Co-working space\\
You may provide a definition with
\DeclareUnicodeCharacter 


/Users/fabio/Documents/04-Archivos/INEDIT/INEDIT-WP6/Livrable.tex:1829: LaTeX Error: Unicode character  (U+200B)
               not set up for use with LaTeX.

See the LaTeX manual or LaTeX Companion for explanation.
Type  H <return>  for immediate help.
 ...                                              
                                                  
l.1829 2 & Association & +1000
                                          & Third place, Co-working space\\
You may provide a definition with
\DeclareUnicodeCharacter 


/Users/fabio/Documents/04-Archivos/INEDIT/INEDIT-WP6/Livrable.tex:1830: LaTeX Error: Unicode character  (U+200B)
               not set up for use with LaTeX.

See the LaTeX manual or LaTeX Companion for explanation.
Type  H <return>  for immediate help.
 ...                                              
                                                  
l.1830 ...\cellcolor{gray!6}{Private Entreprise
                                                  } & \cellcolor{gray!6}{+...
You may provide a definition with
\DeclareUnicodeCharacter 


/Users/fabio/Documents/04-Archivos/INEDIT/INEDIT-WP6/Livrable.tex:1830: LaTeX Error: Unicode character  (U+200B)
               not set up for use with LaTeX.

See the LaTeX manual or LaTeX Companion for explanation.
Type  H <return>  for immediate help.
 ...                                              
                                                  
l.1830 ...prise} & \cellcolor{gray!6}{+100
                                                  } & \cellcolor{gray!6}{S...
You may provide a definition with
\DeclareUnicodeCharacter 


/Users/fabio/Documents/04-Archivos/INEDIT/INEDIT-WP6/Livrable.tex:1831: LaTeX Error: Unicode character  (U+200B)
               not set up for use with LaTeX.

See the LaTeX manual or LaTeX Companion for explanation.
Type  H <return>  for immediate help.
 ...                                              
                                                  
l.1831 4 & University & 300
                                 & Engineering school\\
You may provide a definition with
\DeclareUnicodeCharacter 


/Users/fabio/Documents/04-Archivos/INEDIT/INEDIT-WP6/Livrable.tex:1832: LaTeX Error: Unicode character  (U+200B)
               not set up for use with LaTeX.

See the LaTeX manual or LaTeX Companion for explanation.
Type  H <return>  for immediate help.
 ...                                              
                                                  
l.1832 ...e Enterprise} & \cellcolor{gray!6}{50
                                                  } & \cellcolor{gray!6}{M...
You may provide a definition with
\DeclareUnicodeCharacter 


/Users/fabio/Documents/04-Archivos/INEDIT/INEDIT-WP6/Livrable.tex:1834: LaTeX Error: Unicode character  (U+200B)
               not set up for use with LaTeX.

See the LaTeX manual or LaTeX Companion for explanation.
Type  H <return>  for immediate help.
 ...                                              
                                                  
l.1834 6 & University & 500
                                 & Engineering school\\
You may provide a definition with
\DeclareUnicodeCharacter 


/Users/fabio/Documents/04-Archivos/INEDIT/INEDIT-WP6/Livrable.tex:1835: LaTeX Error: Unicode character  (U+200B)
               not set up for use with LaTeX.

See the LaTeX manual or LaTeX Companion for explanation.
Type  H <return>  for immediate help.
 ...                                              
                                                  
l.1835 ... \cellcolor{gray!6}{Public Entreprise
                                                  } & \cellcolor{gray!6}{5...
You may provide a definition with
\DeclareUnicodeCharacter 


/Users/fabio/Documents/04-Archivos/INEDIT/INEDIT-WP6/Livrable.tex:1835: LaTeX Error: Unicode character  (U+200B)
               not set up for use with LaTeX.

See the LaTeX manual or LaTeX Companion for explanation.
Type  H <return>  for immediate help.
 ...                                              
                                                  
l.1835 ...reprise} & \cellcolor{gray!6}{50
                                                  } & \cellcolor{gray!6}{M...
You may provide a definition with
\DeclareUnicodeCharacter 


/Users/fabio/Documents/04-Archivos/INEDIT/INEDIT-WP6/Livrable.tex:1836: LaTeX Error: Unicode character  (U+200B)
               not set up for use with LaTeX.

See the LaTeX manual or LaTeX Companion for explanation.
Type  H <return>  for immediate help.
 ...                                              
                                                  
l.1836 8 & Association
                          & +100 & Sports club (Rowing)\\
You may provide a definition with
\DeclareUnicodeCharacter 


/Users/fabio/Documents/04-Archivos/INEDIT/INEDIT-WP6/Livrable.tex:1836: LaTeX Error: Unicode character  (U+200B)
               not set up for use with LaTeX.

See the LaTeX manual or LaTeX Companion for explanation.
Type  H <return>  for immediate help.
 ...                                              
                                                  
l.1836 8 & Association & +100
                                      & Sports club (Rowing)\\
You may provide a definition with
\DeclareUnicodeCharacter 


LaTeX Warning: Reference `fig-smart' on page 32 undefined on input line 1848.

<figures/SC/curves-00.jpeg, id=462, 1505.625pt x 2007.5pt>
File: figures/SC/curves-00.jpeg Graphic file (type jpg)
<use figures/SC/curves-00.jpeg>
Package pdftex.def Info: figures/SC/curves-00.jpeg  used on input line 1856.
(pdftex.def)             Requested size: 180.6672pt x 240.8896pt.
<figures/SC/comm.jpg, id=463, 26.82147pt x 37.93701pt>
File: figures/SC/comm.jpg Graphic file (type jpg)
<use figures/SC/comm.jpg>
Package pdftex.def Info: figures/SC/comm.jpg  used on input line 1868.
(pdftex.def)             Requested size: 180.7346pt x 255.6359pt.
<figures/SC/Smart-Collectors.jpg, id=464, 1273.75874pt x 803.0pt>
File: figures/SC/Smart-Collectors.jpg Graphic file (type jpg)
<use figures/SC/Smart-Collectors.jpg>
Package pdftex.def Info: figures/SC/Smart-Collectors.jpg  used on input line 1891.
(pdftex.def)             Requested size: 418.70906pt x 263.96158pt.
[32 <./figures/SC/Deployment.jpg>]

LaTeX Warning: Reference `fig-sc-recovery' on page 33 undefined on input line 1907.

[33 <./figures/SC/curves-00.jpeg> <./figures/SC/comm.jpg> <./figures/SC/Smart-Collectors.jpg>]
<figures/SC/Collector-bouchons-00.jpeg, id=480, 542.025pt x 722.7pt>
File: figures/SC/Collector-bouchons-00.jpeg Graphic file (type jpg)
<use figures/SC/Collector-bouchons-00.jpeg>
Package pdftex.def Info: figures/SC/Collector-bouchons-00.jpeg  used on input line 1916.
(pdftex.def)             Requested size: 144.53743pt x 192.71658pt.
<figures/SC/Collector-bouchons-01.jpeg, id=481, 542.025pt x 722.7pt>
File: figures/SC/Collector-bouchons-01.jpeg Graphic file (type jpg)
<use figures/SC/Collector-bouchons-01.jpeg>
Package pdftex.def Info: figures/SC/Collector-bouchons-01.jpeg  used on input line 1927.
(pdftex.def)             Requested size: 144.53743pt x 192.71658pt.


LaTeX Warning: Reference `fig-sc-recovery' on page 34 undefined on input line 1941.

<figures/SC/Recovery.jpg, id=482, 2409.0pt x 1505.625pt>
File: figures/SC/Recovery.jpg Graphic file (type jpg)
<use figures/SC/Recovery.jpg>
Package pdftex.def Info: figures/SC/Recovery.jpg  used on input line 1947.
(pdftex.def)             Requested size: 325.64207pt x 203.52629pt.
LaTeX Font Info:    Trying to load font information for U+fontawesomefree1 on input line 1955.
(/usr/local/texlive/2023/texmf-dist/tex/latex/fontawesome5/ufontawesomefree1.fd) [34 <./figures/SC/Collector-bouchons-00.jpeg> <./figures/SC/Collector-bouchons-01.jpeg> <./figures/SC/Recovery.jpg>]
<figures/preparation/sorting-2.jpg, id=490, 1505.625pt x 617.30624pt>
File: figures/preparation/sorting-2.jpg Graphic file (type jpg)
<use figures/preparation/sorting-2.jpg>
Package pdftex.def Info: figures/preparation/sorting-2.jpg  used on input line 1985.
(pdftex.def)             Requested size: 418.72336pt x 171.67657pt.
<figures/cleaning/cleanning.jpg, id=491, 2594.69376pt x 960.58875pt>
File: figures/cleaning/cleanning.jpg Graphic file (type jpg)
<use figures/cleaning/cleanning.jpg>
Package pdftex.def Info: figures/cleaning/cleanning.jpg  used on input line 2007.
(pdftex.def)             Requested size: 325.64246pt x 120.55699pt.
 [35{/usr/local/texlive/2023/texmf-dist/fonts/enc/dvips/fontawesome5/fa5free1.enc} <./figures/preparation/sorting-2.jpg>]
<figures/shredding/shreeding.jpg, id=500, 3987.89874pt x 2138.99126pt>
File: figures/shredding/shreeding.jpg Graphic file (type jpg)
<use figures/shredding/shreeding.jpg>
Package pdftex.def Info: figures/shredding/shreeding.jpg  used on input line 2046.
(pdftex.def)             Requested size: 451.63135pt x 242.24173pt.
 [36 <./figures/cleaning/cleanning.jpg>]

LaTeX Warning: Reference `fig-gcode' on page 37 undefined on input line 2076.

<figures/printing/Slicer.jpg, id=508, 1425.325pt x 1194.4625pt>
File: figures/printing/Slicer.jpg Graphic file (type jpg)
<use figures/printing/Slicer.jpg>
Package pdftex.def Info: figures/printing/Slicer.jpg  used on input line 2090.
(pdftex.def)             Requested size: 186.08171pt x 155.94171pt.

Overfull \hbox (7.28682pt too wide) in paragraph at lines 2086--2091
 [][] 
 []


Package longtable Warning: Column widths have changed
(longtable)                in table 2 on input line 2131.

<figures/post-processing.jpg, id=509, 3772.0925pt x 1140.26pt>
File: figures/post-processing.jpg Graphic file (type jpg)
<use figures/post-processing.jpg>
Package pdftex.def Info: figures/post-processing.jpg  used on input line 2148.
(pdftex.def)             Requested size: 465.23665pt x 140.63567pt.
[37 <./figures/shredding/shreeding.jpg>]

LaTeX Warning: Reference `fig-demo1' on page 38 undefined on input line 2179.

[38 <./figures/printing/Slicer.jpg> <./figures/post-processing.jpg>]
<figures/Demo-01.jpg, id=530, 1297.84875pt x 968.61874pt>
File: figures/Demo-01.jpg Graphic file (type jpg)
<use figures/Demo-01.jpg>
Package pdftex.def Info: figures/Demo-01.jpg  used on input line 2185.
(pdftex.def)             Requested size: 372.18796pt x 277.77368pt.
<figures/Demo-02.jpg, id=531, 824.07875pt x 750.805pt>
File: figures/Demo-02.jpg Graphic file (type jpg)
<use figures/Demo-02.jpg>
Package pdftex.def Info: figures/Demo-02.jpg  used on input line 2209.
(pdftex.def)             Requested size: 376.40248pt x 342.93428pt.
 [39 <./figures/Demo-01.jpg>]

LaTeX Warning: Reference `fig-workbench' on page 40 undefined on input line 2218.

<figures/demos/workbench/Initial.jpg, id=539, 3035.34pt x 4047.12pt>
File: figures/demos/workbench/Initial.jpg Graphic file (type jpg)
<use figures/demos/workbench/Initial.jpg>
Package pdftex.def Info: figures/demos/workbench/Initial.jpg  used on input line 2236.
(pdftex.def)             Requested size: 162.79898pt x 217.0653pt.

Overfull \hbox (7.26064pt too wide) in paragraph at lines 2232--2237
 [][] 
 []

<figures/demos/workbench/Final.jpeg, id=540, 4047.12pt x 3035.34pt>
File: figures/demos/workbench/Final.jpeg Graphic file (type jpg)
<use figures/demos/workbench/Final.jpeg>
Package pdftex.def Info: figures/demos/workbench/Final.jpeg  used on input line 2261.
(pdftex.def)             Requested size: 279.12807pt x 209.34605pt.

Overfull \hbox (7.27864pt too wide) in paragraph at lines 2257--2262
 [][] 
 []


LaTeX Warning: Reference `fig-uninova' on page 40 undefined on input line 2284.

<figures/demos/Uninova/Uninova-01.jpg, id=541, 1734.48pt x 740.7675pt>
File: figures/demos/Uninova/Uninova-01.jpg Graphic file (type jpg)
<use figures/demos/Uninova/Uninova-01.jpg>
Package pdftex.def Info: figures/demos/Uninova/Uninova-01.jpg  used on input line 2290.
(pdftex.def)             Requested size: 418.71858pt x 178.82771pt.
[40 <./figures/Demo-02.jpg>]

LaTeX Warning: Reference `fig-uninova-00' on page 41 undefined on input line 2301.

<figures/demos/Uninova/uninova-00.jpg, id=549, 1505.625pt x 2007.5pt>
File: figures/demos/Uninova/uninova-00.jpg Graphic file (type jpg)
<use figures/demos/Uninova/uninova-00.jpg>
Package pdftex.def Info: figures/demos/Uninova/uninova-00.jpg  used on input line 2310.
(pdftex.def)             Requested size: 225.834pt x 301.11201pt.
[41 <./figures/demos/workbench/Initial.jpg> <./figures/demos/workbench/Final.jpeg> <./figures/demos/Uninova/Uninova-01.jpg>]

LaTeX Warning: Reference `fig-desk-00' on page 42 undefined on input line 2330.

<figures/demos/desk/desk-00.jpg, id=556, 361.35pt x 189.1065pt>
File: figures/demos/desk/desk-00.jpg Graphic file (type jpg)
<use figures/demos/desk/desk-00.jpg>
Package pdftex.def Info: figures/demos/desk/desk-00.jpg  used on input line 2338.
(pdftex.def)             Requested size: 441.9822pt x 231.304pt.
[42 <./figures/demos/Uninova/uninova-00.jpg>]

LaTeX Warning: Reference `fig-desk-01' on page 43 undefined on input line 2349.

<figures/demos/desk/desk-01.jpg, id=565, 361.35pt x 150.8034pt>
File: figures/demos/desk/desk-01.jpg Graphic file (type jpg)
<use figures/demos/desk/desk-01.jpg>
Package pdftex.def Info: figures/demos/desk/desk-01.jpg  used on input line 2354.
(pdftex.def)             Requested size: 441.9822pt x 184.45389pt.

LaTeX Warning: Reference `fig-desk-01' on page 43 undefined on input line 2364.

<figures/demos/desk/desk-02.jpg, id=566, 361.35pt x 133.6995pt>
File: figures/demos/desk/desk-02.jpg Graphic file (type jpg)
<use figures/demos/desk/desk-02.jpg>
Package pdftex.def Info: figures/demos/desk/desk-02.jpg  used on input line 2371.
(pdftex.def)             Requested size: 361.34912pt x 133.69916pt.
[43 <./figures/demos/desk/desk-00.jpg> <./figures/demos/desk/desk-01.jpg>]
<figures/demos/desk/desk-03.jpg, id=573, 361.35pt x 152.9715pt>
File: figures/demos/desk/desk-03.jpg Graphic file (type jpg)
<use figures/demos/desk/desk-03.jpg>
Package pdftex.def Info: figures/demos/desk/desk-03.jpg  used on input line 2381.
(pdftex.def)             Requested size: 361.34912pt x 152.9711pt.


LaTeX Warning: Reference `fig-desk-final' on page 44 undefined on input line 2392.


LaTeX Warning: Reference `fig-book-1' on page 44 undefined on input line 2398.


LaTeX Warning: Reference `fig-book-2' on page 44 undefined on input line 2398.

<figures/demos/desk/desk-04.jpg, id=574, 1505.625pt x 1129.21875pt>
File: figures/demos/desk/desk-04.jpg Graphic file (type jpg)
<use figures/demos/desk/desk-04.jpg>
Package pdftex.def Info: figures/demos/desk/desk-04.jpg  used on input line 2410.
(pdftex.def)             Requested size: 279.13359pt x 209.35019pt.

Overfull \hbox (7.28416pt too wide) in paragraph at lines 2406--2411
 [][] 
 []

<figures/demos/desk/desk-05.jpg, id=575, 3035.34pt x 4047.12pt>
File: figures/demos/desk/desk-05.jpg Graphic file (type jpg)
<use figures/demos/desk/desk-05.jpg>
Package pdftex.def Info: figures/demos/desk/desk-05.jpg  used on input line 2435.
(pdftex.def)             Requested size: 162.79898pt x 217.0653pt.

Overfull \hbox (7.26064pt too wide) in paragraph at lines 2431--2436
 [][] 
 []

<figures/demos/book/book-stl.png, id=576, 441.65pt x 526.96875pt>
File: figures/demos/book/book-stl.png Graphic file (type png)
<use figures/demos/book/book-stl.png>
Package pdftex.def Info: figures/demos/book/book-stl.png  used on input line 2458.
(pdftex.def)             Requested size: 218.66795pt x 260.91063pt.

Overfull \hbox (7.30255pt too wide) in paragraph at lines 2454--2459
 [][] 
 []

<figures/demos/book/book-2.jpg, id=577, 1505.625pt x 2007.5pt>
File: figures/demos/book/book-2.jpg Graphic file (type jpg)
<use figures/demos/book/book-2.jpg>
Package pdftex.def Info: figures/demos/book/book-2.jpg  used on input line 2483.
(pdftex.def)             Requested size: 195.39351pt x 260.52467pt.

Overfull \hbox (7.29175pt too wide) in paragraph at lines 2479--2484
 [][] 
 []

[44 <./figures/demos/desk/desk-02.jpg> <./figures/demos/desk/desk-03.jpg>] [45 <./figures/demos/desk/desk-04.jpg> <./figures/demos/desk/desk-05.jpg> <./figures/demos/book/book-stl.png> <./figures/demos/book/book-2.jpg>]

LaTeX Warning: Reference `fig-eddy' on page 46 undefined on input line 2509.

<figures/demos/apa/eddy.jpg, id=592, 4135.45pt x 1660.2025pt>
File: figures/demos/apa/eddy.jpg Graphic file (type jpg)
<use figures/demos/apa/eddy.jpg>
Package pdftex.def Info: figures/demos/apa/eddy.jpg  used on input line 2517.
(pdftex.def)             Requested size: 418.68048pt x 168.08191pt.
<figures/demos/apa/Modeles-Furniture-00.jpg, id=594, 1194.98445pt x 844.8363pt>
File: figures/demos/apa/Modeles-Furniture-00.jpg Graphic file (type jpg)
<use figures/demos/apa/Modeles-Furniture-00.jpg>
Package pdftex.def Info: figures/demos/apa/Modeles-Furniture-00.jpg  used on input line 2545.
(pdftex.def)             Requested size: 418.70668pt x 296.01941pt.
[46 <./figures/demos/apa/eddy.jpg>]

LaTeX Warning: Reference `fig-apa-00' on page 47 undefined on input line 2555.

<figures/demos/apa/iteration.jpg, id=603, 4236.82875pt x 1968.35374pt>
File: figures/demos/apa/iteration.jpg Graphic file (type jpg)
<use figures/demos/apa/iteration.jpg>
Package pdftex.def Info: figures/demos/apa/iteration.jpg  used on input line 2559.
(pdftex.def)             Requested size: 418.6651pt x 194.5042pt.

LaTeX Warning: Reference `fig-iteration' on page 47 undefined on input line 2571.

[47 <./figures/demos/apa/Modeles-Furniture-00.jpg> <./figures/demos/apa/iteration.jpg>]
<figures/demos/apa/final-01.jpg, id=611, 1806.75pt x 1355.0625pt>
File: figures/demos/apa/final-01.jpg Graphic file (type jpg)
<use figures/demos/apa/final-01.jpg>
Package pdftex.def Info: figures/demos/apa/final-01.jpg  used on input line 2586.
(pdftex.def)             Requested size: 301.10588pt x 225.8294pt.
<figures/demos/apa/final.jpg, id=612, 3339.47626pt x 1834.855pt>
File: figures/demos/apa/final.jpg Graphic file (type jpg)
<use figures/demos/apa/final.jpg>
Package pdftex.def Info: figures/demos/apa/final.jpg  used on input line 2601.
(pdftex.def)             Requested size: 301.10042pt x 165.43779pt.


LaTeX Warning: Reference `fig-apa-final' on page 48 undefined on input line 2618.

[48 <./figures/demos/apa/final-01.jpg> <./figures/demos/apa/final.jpg>]

LaTeX Warning: Reference `fig-zero' on page 49 undefined on input line 2625.

<figures/demos/apa/zero-dechets.jpg, id=619, 3891.53876pt x 1738.495pt>
File: figures/demos/apa/zero-dechets.jpg Graphic file (type jpg)
<use figures/demos/apa/zero-dechets.jpg>
Package pdftex.def Info: figures/demos/apa/zero-dechets.jpg  used on input line 2632.
(pdftex.def)             Requested size: 376.35059pt x 168.12979pt.
[49 <./figures/demos/apa/zero-dechets.jpg>] [50] [51] [52] [53] [54]
<figures/Annex/Extruder.jpg, id=725, 4016.00375pt x 2119.92pt>
File: figures/Annex/Extruder.jpg Graphic file (type jpg)
<use figures/Annex/Extruder.jpg>
Package pdftex.def Info: figures/Annex/Extruder.jpg  used on input line 3070.
(pdftex.def)             Requested size: 418.65953pt x 220.99698pt.
<figures/Annex/Sheetpresse.jpg.png, id=726, 910.383pt x 477.639pt>
File: figures/Annex/Sheetpresse.jpg.png Graphic file (type png)
<use figures/Annex/Sheetpresse.jpg.png>
Package pdftex.def Info: figures/Annex/Sheetpresse.jpg.png  used on input line 3080.
(pdftex.def)             Requested size: 418.7118pt x 219.68016pt.
<figures/cleaning/cleanning-01.jpg, id=727, 3905.59125pt x 1711.39375pt>
File: figures/cleaning/cleanning-01.jpg Graphic file (type jpg)
<use figures/cleaning/cleanning-01.jpg>
Package pdftex.def Info: figures/cleaning/cleanning-01.jpg  used on input line 3090.
(pdftex.def)             Requested size: 418.71059pt x 183.47508pt.
 [55 <./figures/Annex/Extruder.jpg> <./figures/Annex/Sheetpresse.jpg.png>]
<figures/printing/FFF-01.jpg, id=737, 3730.93875pt x 1964.33875pt>
File: figures/printing/FFF-01.jpg Graphic file (type jpg)
<use figures/printing/FFF-01.jpg>
Package pdftex.def Info: figures/printing/FFF-01.jpg  used on input line 3100.
(pdftex.def)             Requested size: 418.71623pt x 220.45404pt.
<figures/printing/Gigabot.jpg, id=738, 3831.31375pt x 1964.33875pt>
File: figures/printing/Gigabot.jpg Graphic file (type jpg)
<use figures/printing/Gigabot.jpg>
Package pdftex.def Info: figures/printing/Gigabot.jpg  used on input line 3110.
(pdftex.def)             Requested size: 418.69815pt x 214.66917pt.
 [56 <./figures/cleaning/cleanning-01.jpg> <./figures/printing/FFF-01.jpg>] [57 <./figures/printing/Gigabot.jpg>]

Package longtable Warning: Table widths have changed. Rerun LaTeX.

(./Livrable.aux)

LaTeX Warning: There were undefined references.


LaTeX Warning: Label(s) may have changed. Rerun to get cross-references right.

 ) 
Here is how much of TeX's memory you used:
 35740 strings out of 476025
 705637 string characters out of 5790017
 1872388 words of memory out of 5000000
 54984 multiletter control sequences out of 15000+600000
 607296 words of font info for 227 fonts, out of 8000000 for 9000
 1141 hyphenation exceptions out of 8191
 86i,15n,89p,1250b,902s stack positions out of 10000i,1000n,20000p,200000b,200000s
</usr/local/texlive/2023/texmf-dist/fonts/type1/public/fontawesome5/FontAwesome5Free-Solid.pfb></usr/local/texlive/2023/texmf-dist/fonts/type1/public/lm/lmbx10.pfb></usr/local/texlive/2023/texmf-dist/fonts/type1/public/lm/lmbx12.pfb></usr/local/texlive/2023/texmf-dist/fonts/type1/public/lm/lmbxi10.pfb></usr/local/texlive/2023/texmf-dist/fonts/type1/public/lm/lmmi10.pfb></usr/local/texlive/2023/texmf-dist/fonts/type1/public/lm/lmmi6.pfb></usr/local/texlive/2023/texmf-dist/fonts/type1/public/lm/lmr10.pfb></usr/local/texlive/2023/texmf-dist/fonts/type1/public/lm/lmr6.pfb></usr/local/texlive/2023/texmf-dist/fonts/type1/public/lm/lmr8.pfb></usr/local/texlive/2023/texmf-dist/fonts/type1/public/lm/lmr9.pfb></usr/local/texlive/2023/texmf-dist/fonts/type1/public/lm/lmri10.pfb></usr/local/texlive/2023/texmf-dist/fonts/type1/public/lm/lmssbx10.pfb>
Output written on Livrable.pdf (58 pages, 41488372 bytes).
PDF statistics:
 993 PDF objects out of 1000 (max. 8388607)
 813 compressed objects within 9 object streams
 266 named destinations out of 1000 (max. 500000)
 53870 words of extra memory for PDF output out of 61914 (max. 10000000)

